#Col 1: dimension K: 2
#Col 2: specified s: 1
#Col 3: min n: 10000
#Col 4: max n50000
#Col 5: pas n5000
#Col 7: n of trees100

K,s,n,q0,cost
2,1,10000,0.1,360
2,1,10000,0.1,331
2,1,10000,0.1,235
2,1,10000,0.1,235
2,1,10000,0.1,257
2,1,10000,0.1,452
2,1,10000,0.1,282
2,1,10000,0.1,129
2,1,10000,0.1,196
2,1,10000,0.1,90
2,1,10000,0.1,270
2,1,10000,0.1,230
2,1,10000,0.1,222
2,1,10000,0.1,266
2,1,10000,0.1,156
2,1,10000,0.1,198
2,1,10000,0.1,467
2,1,10000,0.1,345
2,1,10000,0.1,148
2,1,10000,0.1,165
2,1,10000,0.1,148
2,1,10000,0.1,275
2,1,10000,0.1,315
2,1,10000,0.1,97
2,1,10000,0.1,137
2,1,10000,0.1,226
2,1,10000,0.1,216
2,1,10000,0.1,134
2,1,10000,0.1,240
2,1,10000,0.1,310
2,1,10000,0.1,320
2,1,10000,0.1,236
2,1,10000,0.1,268
2,1,10000,0.1,359
2,1,10000,0.1,207
2,1,10000,0.1,316
2,1,10000,0.1,282
2,1,10000,0.1,205
2,1,10000,0.1,220
2,1,10000,0.1,101
2,1,10000,0.1,264
2,1,10000,0.1,177
2,1,10000,0.1,278
2,1,10000,0.1,235
2,1,10000,0.1,172
2,1,10000,0.1,278
2,1,10000,0.1,167
2,1,10000,0.1,160
2,1,10000,0.1,194
2,1,10000,0.1,198
2,1,10000,0.1,399
2,1,10000,0.1,180
2,1,10000,0.1,208
2,1,10000,0.1,353
2,1,10000,0.1,244
2,1,10000,0.1,187
2,1,10000,0.1,205
2,1,10000,0.1,168
2,1,10000,0.1,344
2,1,10000,0.1,285
2,1,10000,0.1,174
2,1,10000,0.1,48
2,1,10000,0.1,205
2,1,10000,0.1,171
2,1,10000,0.1,165
2,1,10000,0.1,302
2,1,10000,0.1,233
2,1,10000,0.1,199
2,1,10000,0.1,75
2,1,10000,0.1,186
2,1,10000,0.1,215
2,1,10000,0.1,87
2,1,10000,0.1,159
2,1,10000,0.1,423
2,1,10000,0.1,385
2,1,10000,0.1,365
2,1,10000,0.1,281
2,1,10000,0.1,318
2,1,10000,0.1,222
2,1,10000,0.1,245
2,1,10000,0.1,106
2,1,10000,0.1,287
2,1,10000,0.1,55
2,1,10000,0.1,251
2,1,10000,0.1,203
2,1,10000,0.1,137
2,1,10000,0.1,174
2,1,10000,0.1,183
2,1,10000,0.1,227
2,1,10000,0.1,351
2,1,10000,0.1,87
2,1,10000,0.1,448
2,1,10000,0.1,367
2,1,10000,0.1,267
2,1,10000,0.1,249
2,1,10000,0.1,115
2,1,10000,0.1,104
2,1,10000,0.1,284
2,1,10000,0.1,245
2,1,10000,0.1,225
2,1,10000,0.2,358
2,1,10000,0.2,240
2,1,10000,0.2,164
2,1,10000,0.2,375
2,1,10000,0.2,335
2,1,10000,0.2,174
2,1,10000,0.2,179
2,1,10000,0.2,132
2,1,10000,0.2,300
2,1,10000,0.2,213
2,1,10000,0.2,316
2,1,10000,0.2,363
2,1,10000,0.2,221
2,1,10000,0.2,308
2,1,10000,0.2,384
2,1,10000,0.2,221
2,1,10000,0.2,281
2,1,10000,0.2,338
2,1,10000,0.2,270
2,1,10000,0.2,111
2,1,10000,0.2,356
2,1,10000,0.2,418
2,1,10000,0.2,358
2,1,10000,0.2,436
2,1,10000,0.2,166
2,1,10000,0.2,294
2,1,10000,0.2,255
2,1,10000,0.2,323
2,1,10000,0.2,344
2,1,10000,0.2,175
2,1,10000,0.2,503
2,1,10000,0.2,257
2,1,10000,0.2,135
2,1,10000,0.2,282
2,1,10000,0.2,174
2,1,10000,0.2,190
2,1,10000,0.2,346
2,1,10000,0.2,192
2,1,10000,0.2,250
2,1,10000,0.2,248
2,1,10000,0.2,389
2,1,10000,0.2,205
2,1,10000,0.2,440
2,1,10000,0.2,307
2,1,10000,0.2,179
2,1,10000,0.2,177
2,1,10000,0.2,111
2,1,10000,0.2,312
2,1,10000,0.2,203
2,1,10000,0.2,295
2,1,10000,0.2,421
2,1,10000,0.2,232
2,1,10000,0.2,231
2,1,10000,0.2,303
2,1,10000,0.2,320
2,1,10000,0.2,185
2,1,10000,0.2,248
2,1,10000,0.2,265
2,1,10000,0.2,304
2,1,10000,0.2,268
2,1,10000,0.2,186
2,1,10000,0.2,190
2,1,10000,0.2,160
2,1,10000,0.2,256
2,1,10000,0.2,347
2,1,10000,0.2,262
2,1,10000,0.2,446
2,1,10000,0.2,277
2,1,10000,0.2,360
2,1,10000,0.2,219
2,1,10000,0.2,208
2,1,10000,0.2,223
2,1,10000,0.2,253
2,1,10000,0.2,509
2,1,10000,0.2,194
2,1,10000,0.2,173
2,1,10000,0.2,261
2,1,10000,0.2,239
2,1,10000,0.2,349
2,1,10000,0.2,174
2,1,10000,0.2,255
2,1,10000,0.2,239
2,1,10000,0.2,379
2,1,10000,0.2,356
2,1,10000,0.2,151
2,1,10000,0.2,94
2,1,10000,0.2,131
2,1,10000,0.2,345
2,1,10000,0.2,401
2,1,10000,0.2,422
2,1,10000,0.2,404
2,1,10000,0.2,124
2,1,10000,0.2,184
2,1,10000,0.2,312
2,1,10000,0.2,418
2,1,10000,0.2,392
2,1,10000,0.2,253
2,1,10000,0.2,107
2,1,10000,0.2,249
2,1,10000,0.2,302
2,1,10000,0.3,357
2,1,10000,0.3,127
2,1,10000,0.3,438
2,1,10000,0.3,243
2,1,10000,0.3,395
2,1,10000,0.3,124
2,1,10000,0.3,455
2,1,10000,0.3,348
2,1,10000,0.3,176
2,1,10000,0.3,351
2,1,10000,0.3,299
2,1,10000,0.3,535
2,1,10000,0.3,158
2,1,10000,0.3,146
2,1,10000,0.3,347
2,1,10000,0.3,280
2,1,10000,0.3,450
2,1,10000,0.3,306
2,1,10000,0.3,258
2,1,10000,0.3,259
2,1,10000,0.3,171
2,1,10000,0.3,253
2,1,10000,0.3,324
2,1,10000,0.3,158
2,1,10000,0.3,186
2,1,10000,0.3,216
2,1,10000,0.3,319
2,1,10000,0.3,518
2,1,10000,0.3,324
2,1,10000,0.3,168
2,1,10000,0.3,310
2,1,10000,0.3,285
2,1,10000,0.3,285
2,1,10000,0.3,255
2,1,10000,0.3,182
2,1,10000,0.3,163
2,1,10000,0.3,361
2,1,10000,0.3,177
2,1,10000,0.3,341
2,1,10000,0.3,394
2,1,10000,0.3,189
2,1,10000,0.3,189
2,1,10000,0.3,394
2,1,10000,0.3,560
2,1,10000,0.3,378
2,1,10000,0.3,265
2,1,10000,0.3,173
2,1,10000,0.3,260
2,1,10000,0.3,365
2,1,10000,0.3,281
2,1,10000,0.3,328
2,1,10000,0.3,192
2,1,10000,0.3,334
2,1,10000,0.3,493
2,1,10000,0.3,186
2,1,10000,0.3,259
2,1,10000,0.3,565
2,1,10000,0.3,316
2,1,10000,0.3,261
2,1,10000,0.3,269
2,1,10000,0.3,621
2,1,10000,0.3,489
2,1,10000,0.3,141
2,1,10000,0.3,278
2,1,10000,0.3,404
2,1,10000,0.3,255
2,1,10000,0.3,220
2,1,10000,0.3,222
2,1,10000,0.3,114
2,1,10000,0.3,350
2,1,10000,0.3,402
2,1,10000,0.3,140
2,1,10000,0.3,202
2,1,10000,0.3,268
2,1,10000,0.3,311
2,1,10000,0.3,340
2,1,10000,0.3,277
2,1,10000,0.3,490
2,1,10000,0.3,110
2,1,10000,0.3,318
2,1,10000,0.3,401
2,1,10000,0.3,222
2,1,10000,0.3,240
2,1,10000,0.3,292
2,1,10000,0.3,603
2,1,10000,0.3,239
2,1,10000,0.3,391
2,1,10000,0.3,420
2,1,10000,0.3,345
2,1,10000,0.3,232
2,1,10000,0.3,467
2,1,10000,0.3,262
2,1,10000,0.3,384
2,1,10000,0.3,266
2,1,10000,0.3,294
2,1,10000,0.3,335
2,1,10000,0.3,184
2,1,10000,0.3,270
2,1,10000,0.3,374
2,1,10000,0.3,559
2,1,10000,0.4,334
2,1,10000,0.4,276
2,1,10000,0.4,313
2,1,10000,0.4,210
2,1,10000,0.4,258
2,1,10000,0.4,396
2,1,10000,0.4,463
2,1,10000,0.4,387
2,1,10000,0.4,577
2,1,10000,0.4,152
2,1,10000,0.4,480
2,1,10000,0.4,190
2,1,10000,0.4,382
2,1,10000,0.4,515
2,1,10000,0.4,192
2,1,10000,0.4,303
2,1,10000,0.4,236
2,1,10000,0.4,152
2,1,10000,0.4,417
2,1,10000,0.4,449
2,1,10000,0.4,475
2,1,10000,0.4,298
2,1,10000,0.4,302
2,1,10000,0.4,389
2,1,10000,0.4,365
2,1,10000,0.4,462
2,1,10000,0.4,376
2,1,10000,0.4,383
2,1,10000,0.4,392
2,1,10000,0.4,236
2,1,10000,0.4,305
2,1,10000,0.4,519
2,1,10000,0.4,466
2,1,10000,0.4,231
2,1,10000,0.4,479
2,1,10000,0.4,359
2,1,10000,0.4,187
2,1,10000,0.4,255
2,1,10000,0.4,467
2,1,10000,0.4,147
2,1,10000,0.4,259
2,1,10000,0.4,283
2,1,10000,0.4,432
2,1,10000,0.4,311
2,1,10000,0.4,327
2,1,10000,0.4,261
2,1,10000,0.4,403
2,1,10000,0.4,414
2,1,10000,0.4,438
2,1,10000,0.4,219
2,1,10000,0.4,241
2,1,10000,0.4,274
2,1,10000,0.4,347
2,1,10000,0.4,472
2,1,10000,0.4,172
2,1,10000,0.4,260
2,1,10000,0.4,398
2,1,10000,0.4,383
2,1,10000,0.4,441
2,1,10000,0.4,295
2,1,10000,0.4,381
2,1,10000,0.4,406
2,1,10000,0.4,340
2,1,10000,0.4,269
2,1,10000,0.4,457
2,1,10000,0.4,350
2,1,10000,0.4,240
2,1,10000,0.4,272
2,1,10000,0.4,534
2,1,10000,0.4,379
2,1,10000,0.4,326
2,1,10000,0.4,97
2,1,10000,0.4,481
2,1,10000,0.4,359
2,1,10000,0.4,312
2,1,10000,0.4,295
2,1,10000,0.4,205
2,1,10000,0.4,174
2,1,10000,0.4,554
2,1,10000,0.4,399
2,1,10000,0.4,456
2,1,10000,0.4,292
2,1,10000,0.4,411
2,1,10000,0.4,267
2,1,10000,0.4,407
2,1,10000,0.4,416
2,1,10000,0.4,448
2,1,10000,0.4,395
2,1,10000,0.4,384
2,1,10000,0.4,601
2,1,10000,0.4,262
2,1,10000,0.4,408
2,1,10000,0.4,379
2,1,10000,0.4,477
2,1,10000,0.4,393
2,1,10000,0.4,372
2,1,10000,0.4,145
2,1,10000,0.4,518
2,1,10000,0.4,390
2,1,10000,0.4,296
2,1,10000,0.5,327
2,1,10000,0.5,427
2,1,10000,0.5,234
2,1,10000,0.5,275
2,1,10000,0.5,496
2,1,10000,0.5,507
2,1,10000,0.5,135
2,1,10000,0.5,501
2,1,10000,0.5,288
2,1,10000,0.5,338
2,1,10000,0.5,247
2,1,10000,0.5,191
2,1,10000,0.5,180
2,1,10000,0.5,200
2,1,10000,0.5,192
2,1,10000,0.5,378
2,1,10000,0.5,297
2,1,10000,0.5,202
2,1,10000,0.5,502
2,1,10000,0.5,212
2,1,10000,0.5,323
2,1,10000,0.5,347
2,1,10000,0.5,308
2,1,10000,0.5,190
2,1,10000,0.5,351
2,1,10000,0.5,460
2,1,10000,0.5,330
2,1,10000,0.5,137
2,1,10000,0.5,327
2,1,10000,0.5,288
2,1,10000,0.5,556
2,1,10000,0.5,300
2,1,10000,0.5,181
2,1,10000,0.5,332
2,1,10000,0.5,402
2,1,10000,0.5,66
2,1,10000,0.5,335
2,1,10000,0.5,508
2,1,10000,0.5,379
2,1,10000,0.5,408
2,1,10000,0.5,263
2,1,10000,0.5,153
2,1,10000,0.5,374
2,1,10000,0.5,352
2,1,10000,0.5,212
2,1,10000,0.5,215
2,1,10000,0.5,535
2,1,10000,0.5,479
2,1,10000,0.5,231
2,1,10000,0.5,172
2,1,10000,0.5,289
2,1,10000,0.5,544
2,1,10000,0.5,405
2,1,10000,0.5,221
2,1,10000,0.5,488
2,1,10000,0.5,236
2,1,10000,0.5,380
2,1,10000,0.5,326
2,1,10000,0.5,554
2,1,10000,0.5,358
2,1,10000,0.5,383
2,1,10000,0.5,332
2,1,10000,0.5,89
2,1,10000,0.5,200
2,1,10000,0.5,204
2,1,10000,0.5,452
2,1,10000,0.5,379
2,1,10000,0.5,205
2,1,10000,0.5,340
2,1,10000,0.5,167
2,1,10000,0.5,257
2,1,10000,0.5,273
2,1,10000,0.5,303
2,1,10000,0.5,364
2,1,10000,0.5,380
2,1,10000,0.5,279
2,1,10000,0.5,241
2,1,10000,0.5,63
2,1,10000,0.5,157
2,1,10000,0.5,206
2,1,10000,0.5,523
2,1,10000,0.5,125
2,1,10000,0.5,290
2,1,10000,0.5,444
2,1,10000,0.5,155
2,1,10000,0.5,151
2,1,10000,0.5,457
2,1,10000,0.5,385
2,1,10000,0.5,445
2,1,10000,0.5,195
2,1,10000,0.5,221
2,1,10000,0.5,275
2,1,10000,0.5,338
2,1,10000,0.5,166
2,1,10000,0.5,226
2,1,10000,0.5,556
2,1,10000,0.5,351
2,1,10000,0.5,359
2,1,10000,0.5,370
2,1,10000,0.5,445
2,1,15000,0.1,459
2,1,15000,0.1,467
2,1,15000,0.1,284
2,1,15000,0.1,226
2,1,15000,0.1,298
2,1,15000,0.1,407
2,1,15000,0.1,216
2,1,15000,0.1,92
2,1,15000,0.1,243
2,1,15000,0.1,401
2,1,15000,0.1,347
2,1,15000,0.1,152
2,1,15000,0.1,220
2,1,15000,0.1,370
2,1,15000,0.1,121
2,1,15000,0.1,337
2,1,15000,0.1,253
2,1,15000,0.1,299
2,1,15000,0.1,362
2,1,15000,0.1,383
2,1,15000,0.1,165
2,1,15000,0.1,223
2,1,15000,0.1,278
2,1,15000,0.1,239
2,1,15000,0.1,298
2,1,15000,0.1,332
2,1,15000,0.1,118
2,1,15000,0.1,219
2,1,15000,0.1,465
2,1,15000,0.1,191
2,1,15000,0.1,331
2,1,15000,0.1,407
2,1,15000,0.1,505
2,1,15000,0.1,235
2,1,15000,0.1,158
2,1,15000,0.1,533
2,1,15000,0.1,332
2,1,15000,0.1,503
2,1,15000,0.1,232
2,1,15000,0.1,457
2,1,15000,0.1,262
2,1,15000,0.1,383
2,1,15000,0.1,237
2,1,15000,0.1,137
2,1,15000,0.1,394
2,1,15000,0.1,168
2,1,15000,0.1,277
2,1,15000,0.1,572
2,1,15000,0.1,109
2,1,15000,0.1,184
2,1,15000,0.1,384
2,1,15000,0.1,280
2,1,15000,0.1,337
2,1,15000,0.1,366
2,1,15000,0.1,456
2,1,15000,0.1,386
2,1,15000,0.1,268
2,1,15000,0.1,385
2,1,15000,0.1,238
2,1,15000,0.1,381
2,1,15000,0.1,202
2,1,15000,0.1,101
2,1,15000,0.1,311
2,1,15000,0.1,393
2,1,15000,0.1,523
2,1,15000,0.1,127
2,1,15000,0.1,367
2,1,15000,0.1,346
2,1,15000,0.1,110
2,1,15000,0.1,344
2,1,15000,0.1,227
2,1,15000,0.1,503
2,1,15000,0.1,225
2,1,15000,0.1,242
2,1,15000,0.1,487
2,1,15000,0.1,413
2,1,15000,0.1,192
2,1,15000,0.1,347
2,1,15000,0.1,183
2,1,15000,0.1,239
2,1,15000,0.1,475
2,1,15000,0.1,325
2,1,15000,0.1,441
2,1,15000,0.1,349
2,1,15000,0.1,370
2,1,15000,0.1,246
2,1,15000,0.1,353
2,1,15000,0.1,376
2,1,15000,0.1,482
2,1,15000,0.1,310
2,1,15000,0.1,151
2,1,15000,0.1,318
2,1,15000,0.1,228
2,1,15000,0.1,283
2,1,15000,0.1,329
2,1,15000,0.1,485
2,1,15000,0.1,262
2,1,15000,0.1,346
2,1,15000,0.1,215
2,1,15000,0.1,196
2,1,15000,0.2,573
2,1,15000,0.2,333
2,1,15000,0.2,239
2,1,15000,0.2,394
2,1,15000,0.2,255
2,1,15000,0.2,551
2,1,15000,0.2,204
2,1,15000,0.2,472
2,1,15000,0.2,347
2,1,15000,0.2,409
2,1,15000,0.2,650
2,1,15000,0.2,347
2,1,15000,0.2,563
2,1,15000,0.2,611
2,1,15000,0.2,242
2,1,15000,0.2,529
2,1,15000,0.2,374
2,1,15000,0.2,361
2,1,15000,0.2,407
2,1,15000,0.2,200
2,1,15000,0.2,610
2,1,15000,0.2,222
2,1,15000,0.2,467
2,1,15000,0.2,527
2,1,15000,0.2,301
2,1,15000,0.2,145
2,1,15000,0.2,415
2,1,15000,0.2,350
2,1,15000,0.2,198
2,1,15000,0.2,389
2,1,15000,0.2,170
2,1,15000,0.2,224
2,1,15000,0.2,304
2,1,15000,0.2,594
2,1,15000,0.2,434
2,1,15000,0.2,348
2,1,15000,0.2,235
2,1,15000,0.2,198
2,1,15000,0.2,187
2,1,15000,0.2,373
2,1,15000,0.2,328
2,1,15000,0.2,117
2,1,15000,0.2,158
2,1,15000,0.2,600
2,1,15000,0.2,177
2,1,15000,0.2,174
2,1,15000,0.2,331
2,1,15000,0.2,262
2,1,15000,0.2,665
2,1,15000,0.2,440
2,1,15000,0.2,606
2,1,15000,0.2,417
2,1,15000,0.2,234
2,1,15000,0.2,424
2,1,15000,0.2,314
2,1,15000,0.2,234
2,1,15000,0.2,194
2,1,15000,0.2,211
2,1,15000,0.2,371
2,1,15000,0.2,399
2,1,15000,0.2,191
2,1,15000,0.2,299
2,1,15000,0.2,306
2,1,15000,0.2,215
2,1,15000,0.2,269
2,1,15000,0.2,381
2,1,15000,0.2,238
2,1,15000,0.2,350
2,1,15000,0.2,436
2,1,15000,0.2,140
2,1,15000,0.2,344
2,1,15000,0.2,551
2,1,15000,0.2,370
2,1,15000,0.2,455
2,1,15000,0.2,322
2,1,15000,0.2,281
2,1,15000,0.2,247
2,1,15000,0.2,301
2,1,15000,0.2,364
2,1,15000,0.2,440
2,1,15000,0.2,123
2,1,15000,0.2,663
2,1,15000,0.2,279
2,1,15000,0.2,549
2,1,15000,0.2,479
2,1,15000,0.2,228
2,1,15000,0.2,292
2,1,15000,0.2,308
2,1,15000,0.2,615
2,1,15000,0.2,406
2,1,15000,0.2,193
2,1,15000,0.2,489
2,1,15000,0.2,525
2,1,15000,0.2,572
2,1,15000,0.2,440
2,1,15000,0.2,509
2,1,15000,0.2,405
2,1,15000,0.2,312
2,1,15000,0.2,537
2,1,15000,0.2,277
2,1,15000,0.3,329
2,1,15000,0.3,509
2,1,15000,0.3,412
2,1,15000,0.3,309
2,1,15000,0.3,440
2,1,15000,0.3,259
2,1,15000,0.3,482
2,1,15000,0.3,569
2,1,15000,0.3,227
2,1,15000,0.3,263
2,1,15000,0.3,376
2,1,15000,0.3,443
2,1,15000,0.3,309
2,1,15000,0.3,372
2,1,15000,0.3,362
2,1,15000,0.3,583
2,1,15000,0.3,520
2,1,15000,0.3,477
2,1,15000,0.3,155
2,1,15000,0.3,494
2,1,15000,0.3,453
2,1,15000,0.3,312
2,1,15000,0.3,343
2,1,15000,0.3,441
2,1,15000,0.3,79
2,1,15000,0.3,535
2,1,15000,0.3,387
2,1,15000,0.3,296
2,1,15000,0.3,331
2,1,15000,0.3,294
2,1,15000,0.3,251
2,1,15000,0.3,352
2,1,15000,0.3,335
2,1,15000,0.3,455
2,1,15000,0.3,247
2,1,15000,0.3,530
2,1,15000,0.3,464
2,1,15000,0.3,594
2,1,15000,0.3,569
2,1,15000,0.3,499
2,1,15000,0.3,409
2,1,15000,0.3,519
2,1,15000,0.3,497
2,1,15000,0.3,420
2,1,15000,0.3,799
2,1,15000,0.3,533
2,1,15000,0.3,415
2,1,15000,0.3,281
2,1,15000,0.3,384
2,1,15000,0.3,524
2,1,15000,0.3,317
2,1,15000,0.3,219
2,1,15000,0.3,154
2,1,15000,0.3,275
2,1,15000,0.3,712
2,1,15000,0.3,281
2,1,15000,0.3,262
2,1,15000,0.3,563
2,1,15000,0.3,173
2,1,15000,0.3,247
2,1,15000,0.3,411
2,1,15000,0.3,576
2,1,15000,0.3,278
2,1,15000,0.3,245
2,1,15000,0.3,532
2,1,15000,0.3,552
2,1,15000,0.3,315
2,1,15000,0.3,620
2,1,15000,0.3,562
2,1,15000,0.3,623
2,1,15000,0.3,373
2,1,15000,0.3,399
2,1,15000,0.3,583
2,1,15000,0.3,320
2,1,15000,0.3,512
2,1,15000,0.3,329
2,1,15000,0.3,213
2,1,15000,0.3,328
2,1,15000,0.3,545
2,1,15000,0.3,88
2,1,15000,0.3,88
2,1,15000,0.3,328
2,1,15000,0.3,463
2,1,15000,0.3,548
2,1,15000,0.3,399
2,1,15000,0.3,410
2,1,15000,0.3,463
2,1,15000,0.3,546
2,1,15000,0.3,519
2,1,15000,0.3,496
2,1,15000,0.3,600
2,1,15000,0.3,435
2,1,15000,0.3,358
2,1,15000,0.3,330
2,1,15000,0.3,435
2,1,15000,0.3,521
2,1,15000,0.3,476
2,1,15000,0.3,257
2,1,15000,0.3,288
2,1,15000,0.3,329
2,1,15000,0.4,384
2,1,15000,0.4,237
2,1,15000,0.4,135
2,1,15000,0.4,257
2,1,15000,0.4,67
2,1,15000,0.4,422
2,1,15000,0.4,436
2,1,15000,0.4,280
2,1,15000,0.4,504
2,1,15000,0.4,483
2,1,15000,0.4,476
2,1,15000,0.4,369
2,1,15000,0.4,416
2,1,15000,0.4,339
2,1,15000,0.4,428
2,1,15000,0.4,364
2,1,15000,0.4,300
2,1,15000,0.4,327
2,1,15000,0.4,304
2,1,15000,0.4,421
2,1,15000,0.4,318
2,1,15000,0.4,260
2,1,15000,0.4,448
2,1,15000,0.4,480
2,1,15000,0.4,550
2,1,15000,0.4,413
2,1,15000,0.4,296
2,1,15000,0.4,376
2,1,15000,0.4,576
2,1,15000,0.4,223
2,1,15000,0.4,379
2,1,15000,0.4,290
2,1,15000,0.4,788
2,1,15000,0.4,427
2,1,15000,0.4,647
2,1,15000,0.4,332
2,1,15000,0.4,179
2,1,15000,0.4,468
2,1,15000,0.4,288
2,1,15000,0.4,170
2,1,15000,0.4,595
2,1,15000,0.4,500
2,1,15000,0.4,581
2,1,15000,0.4,434
2,1,15000,0.4,288
2,1,15000,0.4,228
2,1,15000,0.4,443
2,1,15000,0.4,326
2,1,15000,0.4,125
2,1,15000,0.4,572
2,1,15000,0.4,608
2,1,15000,0.4,392
2,1,15000,0.4,410
2,1,15000,0.4,288
2,1,15000,0.4,507
2,1,15000,0.4,358
2,1,15000,0.4,478
2,1,15000,0.4,334
2,1,15000,0.4,324
2,1,15000,0.4,472
2,1,15000,0.4,365
2,1,15000,0.4,155
2,1,15000,0.4,285
2,1,15000,0.4,537
2,1,15000,0.4,393
2,1,15000,0.4,451
2,1,15000,0.4,240
2,1,15000,0.4,558
2,1,15000,0.4,518
2,1,15000,0.4,434
2,1,15000,0.4,535
2,1,15000,0.4,781
2,1,15000,0.4,276
2,1,15000,0.4,251
2,1,15000,0.4,382
2,1,15000,0.4,130
2,1,15000,0.4,169
2,1,15000,0.4,568
2,1,15000,0.4,166
2,1,15000,0.4,118
2,1,15000,0.4,440
2,1,15000,0.4,343
2,1,15000,0.4,495
2,1,15000,0.4,587
2,1,15000,0.4,608
2,1,15000,0.4,480
2,1,15000,0.4,415
2,1,15000,0.4,218
2,1,15000,0.4,229
2,1,15000,0.4,554
2,1,15000,0.4,364
2,1,15000,0.4,443
2,1,15000,0.4,457
2,1,15000,0.4,341
2,1,15000,0.4,498
2,1,15000,0.4,595
2,1,15000,0.4,93
2,1,15000,0.4,397
2,1,15000,0.4,448
2,1,15000,0.4,243
2,1,15000,0.5,497
2,1,15000,0.5,343
2,1,15000,0.5,194
2,1,15000,0.5,193
2,1,15000,0.5,201
2,1,15000,0.5,670
2,1,15000,0.5,445
2,1,15000,0.5,482
2,1,15000,0.5,342
2,1,15000,0.5,509
2,1,15000,0.5,343
2,1,15000,0.5,444
2,1,15000,0.5,283
2,1,15000,0.5,317
2,1,15000,0.5,230
2,1,15000,0.5,468
2,1,15000,0.5,382
2,1,15000,0.5,572
2,1,15000,0.5,370
2,1,15000,0.5,508
2,1,15000,0.5,245
2,1,15000,0.5,191
2,1,15000,0.5,256
2,1,15000,0.5,520
2,1,15000,0.5,269
2,1,15000,0.5,161
2,1,15000,0.5,319
2,1,15000,0.5,417
2,1,15000,0.5,489
2,1,15000,0.5,417
2,1,15000,0.5,433
2,1,15000,0.5,623
2,1,15000,0.5,474
2,1,15000,0.5,191
2,1,15000,0.5,708
2,1,15000,0.5,454
2,1,15000,0.5,346
2,1,15000,0.5,430
2,1,15000,0.5,398
2,1,15000,0.5,406
2,1,15000,0.5,285
2,1,15000,0.5,553
2,1,15000,0.5,251
2,1,15000,0.5,210
2,1,15000,0.5,345
2,1,15000,0.5,520
2,1,15000,0.5,570
2,1,15000,0.5,496
2,1,15000,0.5,244
2,1,15000,0.5,373
2,1,15000,0.5,446
2,1,15000,0.5,186
2,1,15000,0.5,454
2,1,15000,0.5,586
2,1,15000,0.5,223
2,1,15000,0.5,295
2,1,15000,0.5,576
2,1,15000,0.5,818
2,1,15000,0.5,423
2,1,15000,0.5,368
2,1,15000,0.5,501
2,1,15000,0.5,300
2,1,15000,0.5,236
2,1,15000,0.5,347
2,1,15000,0.5,570
2,1,15000,0.5,287
2,1,15000,0.5,288
2,1,15000,0.5,330
2,1,15000,0.5,454
2,1,15000,0.5,308
2,1,15000,0.5,205
2,1,15000,0.5,214
2,1,15000,0.5,436
2,1,15000,0.5,347
2,1,15000,0.5,751
2,1,15000,0.5,580
2,1,15000,0.5,536
2,1,15000,0.5,505
2,1,15000,0.5,477
2,1,15000,0.5,415
2,1,15000,0.5,246
2,1,15000,0.5,327
2,1,15000,0.5,459
2,1,15000,0.5,628
2,1,15000,0.5,309
2,1,15000,0.5,368
2,1,15000,0.5,168
2,1,15000,0.5,288
2,1,15000,0.5,356
2,1,15000,0.5,374
2,1,15000,0.5,187
2,1,15000,0.5,283
2,1,15000,0.5,365
2,1,15000,0.5,124
2,1,15000,0.5,285
2,1,15000,0.5,527
2,1,15000,0.5,428
2,1,15000,0.5,373
2,1,15000,0.5,530
2,1,15000,0.5,143
2,1,20000,0.1,385
2,1,20000,0.1,337
2,1,20000,0.1,577
2,1,20000,0.1,428
2,1,20000,0.1,489
2,1,20000,0.1,254
2,1,20000,0.1,603
2,1,20000,0.1,406
2,1,20000,0.1,284
2,1,20000,0.1,579
2,1,20000,0.1,591
2,1,20000,0.1,526
2,1,20000,0.1,285
2,1,20000,0.1,309
2,1,20000,0.1,327
2,1,20000,0.1,594
2,1,20000,0.1,403
2,1,20000,0.1,401
2,1,20000,0.1,221
2,1,20000,0.1,261
2,1,20000,0.1,149
2,1,20000,0.1,194
2,1,20000,0.1,386
2,1,20000,0.1,196
2,1,20000,0.1,296
2,1,20000,0.1,173
2,1,20000,0.1,283
2,1,20000,0.1,495
2,1,20000,0.1,297
2,1,20000,0.1,210
2,1,20000,0.1,346
2,1,20000,0.1,375
2,1,20000,0.1,243
2,1,20000,0.1,322
2,1,20000,0.1,352
2,1,20000,0.1,518
2,1,20000,0.1,83
2,1,20000,0.1,127
2,1,20000,0.1,298
2,1,20000,0.1,490
2,1,20000,0.1,113
2,1,20000,0.1,228
2,1,20000,0.1,285
2,1,20000,0.1,503
2,1,20000,0.1,284
2,1,20000,0.1,251
2,1,20000,0.1,372
2,1,20000,0.1,549
2,1,20000,0.1,362
2,1,20000,0.1,423
2,1,20000,0.1,165
2,1,20000,0.1,554
2,1,20000,0.1,316
2,1,20000,0.1,125
2,1,20000,0.1,368
2,1,20000,0.1,248
2,1,20000,0.1,445
2,1,20000,0.1,291
2,1,20000,0.1,142
2,1,20000,0.1,488
2,1,20000,0.1,292
2,1,20000,0.1,432
2,1,20000,0.1,342
2,1,20000,0.1,574
2,1,20000,0.1,324
2,1,20000,0.1,303
2,1,20000,0.1,452
2,1,20000,0.1,299
2,1,20000,0.1,361
2,1,20000,0.1,243
2,1,20000,0.1,442
2,1,20000,0.1,408
2,1,20000,0.1,354
2,1,20000,0.1,268
2,1,20000,0.1,382
2,1,20000,0.1,387
2,1,20000,0.1,430
2,1,20000,0.1,278
2,1,20000,0.1,285
2,1,20000,0.1,248
2,1,20000,0.1,567
2,1,20000,0.1,248
2,1,20000,0.1,328
2,1,20000,0.1,315
2,1,20000,0.1,694
2,1,20000,0.1,608
2,1,20000,0.1,505
2,1,20000,0.1,215
2,1,20000,0.1,338
2,1,20000,0.1,543
2,1,20000,0.1,576
2,1,20000,0.1,213
2,1,20000,0.1,334
2,1,20000,0.1,144
2,1,20000,0.1,376
2,1,20000,0.1,275
2,1,20000,0.1,434
2,1,20000,0.1,293
2,1,20000,0.1,530
2,1,20000,0.1,403
2,1,20000,0.2,487
2,1,20000,0.2,533
2,1,20000,0.2,222
2,1,20000,0.2,585
2,1,20000,0.2,255
2,1,20000,0.2,528
2,1,20000,0.2,255
2,1,20000,0.2,541
2,1,20000,0.2,467
2,1,20000,0.2,388
2,1,20000,0.2,563
2,1,20000,0.2,560
2,1,20000,0.2,356
2,1,20000,0.2,277
2,1,20000,0.2,486
2,1,20000,0.2,272
2,1,20000,0.2,209
2,1,20000,0.2,266
2,1,20000,0.2,678
2,1,20000,0.2,495
2,1,20000,0.2,188
2,1,20000,0.2,164
2,1,20000,0.2,441
2,1,20000,0.2,342
2,1,20000,0.2,532
2,1,20000,0.2,548
2,1,20000,0.2,634
2,1,20000,0.2,907
2,1,20000,0.2,232
2,1,20000,0.2,235
2,1,20000,0.2,713
2,1,20000,0.2,491
2,1,20000,0.2,376
2,1,20000,0.2,496
2,1,20000,0.2,545
2,1,20000,0.2,422
2,1,20000,0.2,394
2,1,20000,0.2,178
2,1,20000,0.2,739
2,1,20000,0.2,290
2,1,20000,0.2,402
2,1,20000,0.2,303
2,1,20000,0.2,337
2,1,20000,0.2,441
2,1,20000,0.2,274
2,1,20000,0.2,342
2,1,20000,0.2,509
2,1,20000,0.2,390
2,1,20000,0.2,462
2,1,20000,0.2,468
2,1,20000,0.2,590
2,1,20000,0.2,606
2,1,20000,0.2,318
2,1,20000,0.2,579
2,1,20000,0.2,417
2,1,20000,0.2,182
2,1,20000,0.2,760
2,1,20000,0.2,296
2,1,20000,0.2,342
2,1,20000,0.2,626
2,1,20000,0.2,470
2,1,20000,0.2,625
2,1,20000,0.2,248
2,1,20000,0.2,278
2,1,20000,0.2,406
2,1,20000,0.2,546
2,1,20000,0.2,578
2,1,20000,0.2,513
2,1,20000,0.2,493
2,1,20000,0.2,174
2,1,20000,0.2,236
2,1,20000,0.2,703
2,1,20000,0.2,290
2,1,20000,0.2,172
2,1,20000,0.2,162
2,1,20000,0.2,402
2,1,20000,0.2,411
2,1,20000,0.2,190
2,1,20000,0.2,441
2,1,20000,0.2,418
2,1,20000,0.2,279
2,1,20000,0.2,273
2,1,20000,0.2,230
2,1,20000,0.2,394
2,1,20000,0.2,314
2,1,20000,0.2,409
2,1,20000,0.2,398
2,1,20000,0.2,351
2,1,20000,0.2,165
2,1,20000,0.2,291
2,1,20000,0.2,261
2,1,20000,0.2,393
2,1,20000,0.2,352
2,1,20000,0.2,456
2,1,20000,0.2,466
2,1,20000,0.2,298
2,1,20000,0.2,101
2,1,20000,0.2,587
2,1,20000,0.2,436
2,1,20000,0.2,397
2,1,20000,0.3,268
2,1,20000,0.3,398
2,1,20000,0.3,270
2,1,20000,0.3,238
2,1,20000,0.3,335
2,1,20000,0.3,325
2,1,20000,0.3,636
2,1,20000,0.3,684
2,1,20000,0.3,192
2,1,20000,0.3,278
2,1,20000,0.3,631
2,1,20000,0.3,431
2,1,20000,0.3,534
2,1,20000,0.3,290
2,1,20000,0.3,275
2,1,20000,0.3,525
2,1,20000,0.3,511
2,1,20000,0.3,278
2,1,20000,0.3,818
2,1,20000,0.3,207
2,1,20000,0.3,388
2,1,20000,0.3,196
2,1,20000,0.3,573
2,1,20000,0.3,639
2,1,20000,0.3,373
2,1,20000,0.3,319
2,1,20000,0.3,477
2,1,20000,0.3,548
2,1,20000,0.3,541
2,1,20000,0.3,509
2,1,20000,0.3,235
2,1,20000,0.3,715
2,1,20000,0.3,381
2,1,20000,0.3,210
2,1,20000,0.3,547
2,1,20000,0.3,373
2,1,20000,0.3,282
2,1,20000,0.3,327
2,1,20000,0.3,557
2,1,20000,0.3,301
2,1,20000,0.3,763
2,1,20000,0.3,545
2,1,20000,0.3,575
2,1,20000,0.3,219
2,1,20000,0.3,287
2,1,20000,0.3,221
2,1,20000,0.3,591
2,1,20000,0.3,289
2,1,20000,0.3,611
2,1,20000,0.3,535
2,1,20000,0.3,640
2,1,20000,0.3,263
2,1,20000,0.3,691
2,1,20000,0.3,649
2,1,20000,0.3,371
2,1,20000,0.3,522
2,1,20000,0.3,436
2,1,20000,0.3,470
2,1,20000,0.3,370
2,1,20000,0.3,512
2,1,20000,0.3,581
2,1,20000,0.3,493
2,1,20000,0.3,663
2,1,20000,0.3,517
2,1,20000,0.3,248
2,1,20000,0.3,519
2,1,20000,0.3,511
2,1,20000,0.3,347
2,1,20000,0.3,680
2,1,20000,0.3,482
2,1,20000,0.3,508
2,1,20000,0.3,636
2,1,20000,0.3,483
2,1,20000,0.3,387
2,1,20000,0.3,452
2,1,20000,0.3,316
2,1,20000,0.3,788
2,1,20000,0.3,288
2,1,20000,0.3,210
2,1,20000,0.3,349
2,1,20000,0.3,342
2,1,20000,0.3,422
2,1,20000,0.3,494
2,1,20000,0.3,361
2,1,20000,0.3,312
2,1,20000,0.3,885
2,1,20000,0.3,308
2,1,20000,0.3,621
2,1,20000,0.3,486
2,1,20000,0.3,117
2,1,20000,0.3,299
2,1,20000,0.3,244
2,1,20000,0.3,386
2,1,20000,0.3,655
2,1,20000,0.3,522
2,1,20000,0.3,807
2,1,20000,0.3,291
2,1,20000,0.3,353
2,1,20000,0.3,384
2,1,20000,0.3,149
2,1,20000,0.4,311
2,1,20000,0.4,454
2,1,20000,0.4,427
2,1,20000,0.4,257
2,1,20000,0.4,694
2,1,20000,0.4,381
2,1,20000,0.4,686
2,1,20000,0.4,550
2,1,20000,0.4,301
2,1,20000,0.4,404
2,1,20000,0.4,463
2,1,20000,0.4,442
2,1,20000,0.4,765
2,1,20000,0.4,305
2,1,20000,0.4,434
2,1,20000,0.4,319
2,1,20000,0.4,661
2,1,20000,0.4,418
2,1,20000,0.4,250
2,1,20000,0.4,305
2,1,20000,0.4,457
2,1,20000,0.4,288
2,1,20000,0.4,843
2,1,20000,0.4,162
2,1,20000,0.4,164
2,1,20000,0.4,414
2,1,20000,0.4,247
2,1,20000,0.4,451
2,1,20000,0.4,410
2,1,20000,0.4,295
2,1,20000,0.4,416
2,1,20000,0.4,499
2,1,20000,0.4,665
2,1,20000,0.4,492
2,1,20000,0.4,406
2,1,20000,0.4,285
2,1,20000,0.4,334
2,1,20000,0.4,384
2,1,20000,0.4,191
2,1,20000,0.4,372
2,1,20000,0.4,453
2,1,20000,0.4,411
2,1,20000,0.4,262
2,1,20000,0.4,475
2,1,20000,0.4,462
2,1,20000,0.4,855
2,1,20000,0.4,866
2,1,20000,0.4,702
2,1,20000,0.4,543
2,1,20000,0.4,450
2,1,20000,0.4,365
2,1,20000,0.4,404
2,1,20000,0.4,646
2,1,20000,0.4,286
2,1,20000,0.4,314
2,1,20000,0.4,518
2,1,20000,0.4,389
2,1,20000,0.4,656
2,1,20000,0.4,380
2,1,20000,0.4,678
2,1,20000,0.4,645
2,1,20000,0.4,92
2,1,20000,0.4,860
2,1,20000,0.4,325
2,1,20000,0.4,310
2,1,20000,0.4,190
2,1,20000,0.4,612
2,1,20000,0.4,617
2,1,20000,0.4,488
2,1,20000,0.4,1030
2,1,20000,0.4,247
2,1,20000,0.4,600
2,1,20000,0.4,544
2,1,20000,0.4,318
2,1,20000,0.4,496
2,1,20000,0.4,431
2,1,20000,0.4,529
2,1,20000,0.4,616
2,1,20000,0.4,541
2,1,20000,0.4,545
2,1,20000,0.4,282
2,1,20000,0.4,543
2,1,20000,0.4,340
2,1,20000,0.4,323
2,1,20000,0.4,457
2,1,20000,0.4,278
2,1,20000,0.4,451
2,1,20000,0.4,620
2,1,20000,0.4,719
2,1,20000,0.4,492
2,1,20000,0.4,579
2,1,20000,0.4,286
2,1,20000,0.4,728
2,1,20000,0.4,377
2,1,20000,0.4,243
2,1,20000,0.4,318
2,1,20000,0.4,390
2,1,20000,0.4,447
2,1,20000,0.4,456
2,1,20000,0.4,534
2,1,20000,0.5,325
2,1,20000,0.5,313
2,1,20000,0.5,548
2,1,20000,0.5,389
2,1,20000,0.5,426
2,1,20000,0.5,612
2,1,20000,0.5,377
2,1,20000,0.5,692
2,1,20000,0.5,457
2,1,20000,0.5,817
2,1,20000,0.5,330
2,1,20000,0.5,358
2,1,20000,0.5,190
2,1,20000,0.5,765
2,1,20000,0.5,341
2,1,20000,0.5,363
2,1,20000,0.5,541
2,1,20000,0.5,382
2,1,20000,0.5,480
2,1,20000,0.5,451
2,1,20000,0.5,870
2,1,20000,0.5,400
2,1,20000,0.5,422
2,1,20000,0.5,540
2,1,20000,0.5,445
2,1,20000,0.5,474
2,1,20000,0.5,525
2,1,20000,0.5,571
2,1,20000,0.5,665
2,1,20000,0.5,485
2,1,20000,0.5,1069
2,1,20000,0.5,523
2,1,20000,0.5,295
2,1,20000,0.5,275
2,1,20000,0.5,569
2,1,20000,0.5,764
2,1,20000,0.5,259
2,1,20000,0.5,371
2,1,20000,0.5,343
2,1,20000,0.5,641
2,1,20000,0.5,758
2,1,20000,0.5,555
2,1,20000,0.5,593
2,1,20000,0.5,594
2,1,20000,0.5,522
2,1,20000,0.5,428
2,1,20000,0.5,212
2,1,20000,0.5,823
2,1,20000,0.5,810
2,1,20000,0.5,675
2,1,20000,0.5,572
2,1,20000,0.5,606
2,1,20000,0.5,587
2,1,20000,0.5,471
2,1,20000,0.5,550
2,1,20000,0.5,832
2,1,20000,0.5,845
2,1,20000,0.5,324
2,1,20000,0.5,631
2,1,20000,0.5,625
2,1,20000,0.5,694
2,1,20000,0.5,413
2,1,20000,0.5,337
2,1,20000,0.5,540
2,1,20000,0.5,250
2,1,20000,0.5,899
2,1,20000,0.5,629
2,1,20000,0.5,551
2,1,20000,0.5,607
2,1,20000,0.5,527
2,1,20000,0.5,336
2,1,20000,0.5,337
2,1,20000,0.5,1012
2,1,20000,0.5,817
2,1,20000,0.5,518
2,1,20000,0.5,583
2,1,20000,0.5,393
2,1,20000,0.5,634
2,1,20000,0.5,711
2,1,20000,0.5,432
2,1,20000,0.5,282
2,1,20000,0.5,553
2,1,20000,0.5,538
2,1,20000,0.5,716
2,1,20000,0.5,259
2,1,20000,0.5,566
2,1,20000,0.5,577
2,1,20000,0.5,836
2,1,20000,0.5,529
2,1,20000,0.5,524
2,1,20000,0.5,620
2,1,20000,0.5,521
2,1,20000,0.5,438
2,1,20000,0.5,352
2,1,20000,0.5,621
2,1,20000,0.5,310
2,1,20000,0.5,736
2,1,20000,0.5,243
2,1,20000,0.5,509
2,1,20000,0.5,721
2,1,25000,0.1,476
2,1,25000,0.1,256
2,1,25000,0.1,301
2,1,25000,0.1,363
2,1,25000,0.1,156
2,1,25000,0.1,718
2,1,25000,0.1,307
2,1,25000,0.1,380
2,1,25000,0.1,288
2,1,25000,0.1,517
2,1,25000,0.1,194
2,1,25000,0.1,563
2,1,25000,0.1,277
2,1,25000,0.1,728
2,1,25000,0.1,240
2,1,25000,0.1,612
2,1,25000,0.1,712
2,1,25000,0.1,354
2,1,25000,0.1,428
2,1,25000,0.1,312
2,1,25000,0.1,442
2,1,25000,0.1,231
2,1,25000,0.1,435
2,1,25000,0.1,213
2,1,25000,0.1,370
2,1,25000,0.1,452
2,1,25000,0.1,303
2,1,25000,0.1,300
2,1,25000,0.1,267
2,1,25000,0.1,422
2,1,25000,0.1,607
2,1,25000,0.1,276
2,1,25000,0.1,617
2,1,25000,0.1,492
2,1,25000,0.1,693
2,1,25000,0.1,292
2,1,25000,0.1,639
2,1,25000,0.1,293
2,1,25000,0.1,201
2,1,25000,0.1,538
2,1,25000,0.1,469
2,1,25000,0.1,328
2,1,25000,0.1,515
2,1,25000,0.1,354
2,1,25000,0.1,589
2,1,25000,0.1,300
2,1,25000,0.1,297
2,1,25000,0.1,379
2,1,25000,0.1,477
2,1,25000,0.1,464
2,1,25000,0.1,299
2,1,25000,0.1,370
2,1,25000,0.1,536
2,1,25000,0.1,331
2,1,25000,0.1,486
2,1,25000,0.1,164
2,1,25000,0.1,291
2,1,25000,0.1,617
2,1,25000,0.1,477
2,1,25000,0.1,275
2,1,25000,0.1,268
2,1,25000,0.1,408
2,1,25000,0.1,290
2,1,25000,0.1,235
2,1,25000,0.1,236
2,1,25000,0.1,487
2,1,25000,0.1,229
2,1,25000,0.1,323
2,1,25000,0.1,273
2,1,25000,0.1,429
2,1,25000,0.1,282
2,1,25000,0.1,538
2,1,25000,0.1,113
2,1,25000,0.1,523
2,1,25000,0.1,417
2,1,25000,0.1,414
2,1,25000,0.1,336
2,1,25000,0.1,358
2,1,25000,0.1,240
2,1,25000,0.1,244
2,1,25000,0.1,370
2,1,25000,0.1,287
2,1,25000,0.1,517
2,1,25000,0.1,216
2,1,25000,0.1,409
2,1,25000,0.1,372
2,1,25000,0.1,350
2,1,25000,0.1,324
2,1,25000,0.1,220
2,1,25000,0.1,492
2,1,25000,0.1,379
2,1,25000,0.1,482
2,1,25000,0.1,426
2,1,25000,0.1,118
2,1,25000,0.1,502
2,1,25000,0.1,256
2,1,25000,0.1,503
2,1,25000,0.1,443
2,1,25000,0.1,693
2,1,25000,0.1,380
2,1,25000,0.2,412
2,1,25000,0.2,491
2,1,25000,0.2,511
2,1,25000,0.2,661
2,1,25000,0.2,343
2,1,25000,0.2,598
2,1,25000,0.2,294
2,1,25000,0.2,222
2,1,25000,0.2,668
2,1,25000,0.2,304
2,1,25000,0.2,742
2,1,25000,0.2,569
2,1,25000,0.2,224
2,1,25000,0.2,615
2,1,25000,0.2,734
2,1,25000,0.2,916
2,1,25000,0.2,717
2,1,25000,0.2,616
2,1,25000,0.2,505
2,1,25000,0.2,609
2,1,25000,0.2,395
2,1,25000,0.2,947
2,1,25000,0.2,392
2,1,25000,0.2,856
2,1,25000,0.2,347
2,1,25000,0.2,539
2,1,25000,0.2,455
2,1,25000,0.2,282
2,1,25000,0.2,294
2,1,25000,0.2,354
2,1,25000,0.2,469
2,1,25000,0.2,293
2,1,25000,0.2,497
2,1,25000,0.2,535
2,1,25000,0.2,168
2,1,25000,0.2,680
2,1,25000,0.2,556
2,1,25000,0.2,438
2,1,25000,0.2,574
2,1,25000,0.2,460
2,1,25000,0.2,573
2,1,25000,0.2,374
2,1,25000,0.2,494
2,1,25000,0.2,295
2,1,25000,0.2,535
2,1,25000,0.2,532
2,1,25000,0.2,212
2,1,25000,0.2,288
2,1,25000,0.2,666
2,1,25000,0.2,313
2,1,25000,0.2,532
2,1,25000,0.2,327
2,1,25000,0.2,251
2,1,25000,0.2,300
2,1,25000,0.2,311
2,1,25000,0.2,606
2,1,25000,0.2,347
2,1,25000,0.2,546
2,1,25000,0.2,251
2,1,25000,0.2,333
2,1,25000,0.2,182
2,1,25000,0.2,602
2,1,25000,0.2,505
2,1,25000,0.2,316
2,1,25000,0.2,236
2,1,25000,0.2,535
2,1,25000,0.2,498
2,1,25000,0.2,637
2,1,25000,0.2,128
2,1,25000,0.2,488
2,1,25000,0.2,422
2,1,25000,0.2,264
2,1,25000,0.2,254
2,1,25000,0.2,384
2,1,25000,0.2,522
2,1,25000,0.2,307
2,1,25000,0.2,342
2,1,25000,0.2,597
2,1,25000,0.2,667
2,1,25000,0.2,377
2,1,25000,0.2,257
2,1,25000,0.2,445
2,1,25000,0.2,641
2,1,25000,0.2,483
2,1,25000,0.2,349
2,1,25000,0.2,560
2,1,25000,0.2,119
2,1,25000,0.2,396
2,1,25000,0.2,927
2,1,25000,0.2,604
2,1,25000,0.2,576
2,1,25000,0.2,162
2,1,25000,0.2,390
2,1,25000,0.2,414
2,1,25000,0.2,523
2,1,25000,0.2,505
2,1,25000,0.2,414
2,1,25000,0.2,359
2,1,25000,0.2,258
2,1,25000,0.2,441
2,1,25000,0.3,437
2,1,25000,0.3,583
2,1,25000,0.3,435
2,1,25000,0.3,554
2,1,25000,0.3,474
2,1,25000,0.3,228
2,1,25000,0.3,483
2,1,25000,0.3,548
2,1,25000,0.3,433
2,1,25000,0.3,713
2,1,25000,0.3,923
2,1,25000,0.3,1011
2,1,25000,0.3,416
2,1,25000,0.3,657
2,1,25000,0.3,468
2,1,25000,0.3,673
2,1,25000,0.3,523
2,1,25000,0.3,576
2,1,25000,0.3,336
2,1,25000,0.3,529
2,1,25000,0.3,504
2,1,25000,0.3,646
2,1,25000,0.3,276
2,1,25000,0.3,491
2,1,25000,0.3,534
2,1,25000,0.3,521
2,1,25000,0.3,1207
2,1,25000,0.3,720
2,1,25000,0.3,442
2,1,25000,0.3,690
2,1,25000,0.3,623
2,1,25000,0.3,501
2,1,25000,0.3,843
2,1,25000,0.3,1075
2,1,25000,0.3,548
2,1,25000,0.3,609
2,1,25000,0.3,560
2,1,25000,0.3,268
2,1,25000,0.3,457
2,1,25000,0.3,283
2,1,25000,0.3,312
2,1,25000,0.3,432
2,1,25000,0.3,668
2,1,25000,0.3,569
2,1,25000,0.3,408
2,1,25000,0.3,301
2,1,25000,0.3,525
2,1,25000,0.3,434
2,1,25000,0.3,210
2,1,25000,0.3,148
2,1,25000,0.3,847
2,1,25000,0.3,271
2,1,25000,0.3,577
2,1,25000,0.3,505
2,1,25000,0.3,441
2,1,25000,0.3,776
2,1,25000,0.3,463
2,1,25000,0.3,1154
2,1,25000,0.3,592
2,1,25000,0.3,715
2,1,25000,0.3,333
2,1,25000,0.3,790
2,1,25000,0.3,462
2,1,25000,0.3,623
2,1,25000,0.3,577
2,1,25000,0.3,782
2,1,25000,0.3,437
2,1,25000,0.3,427
2,1,25000,0.3,368
2,1,25000,0.3,359
2,1,25000,0.3,787
2,1,25000,0.3,368
2,1,25000,0.3,738
2,1,25000,0.3,710
2,1,25000,0.3,539
2,1,25000,0.3,340
2,1,25000,0.3,232
2,1,25000,0.3,416
2,1,25000,0.3,371
2,1,25000,0.3,650
2,1,25000,0.3,473
2,1,25000,0.3,223
2,1,25000,0.3,402
2,1,25000,0.3,654
2,1,25000,0.3,750
2,1,25000,0.3,740
2,1,25000,0.3,718
2,1,25000,0.3,531
2,1,25000,0.3,258
2,1,25000,0.3,244
2,1,25000,0.3,421
2,1,25000,0.3,445
2,1,25000,0.3,313
2,1,25000,0.3,1129
2,1,25000,0.3,414
2,1,25000,0.3,623
2,1,25000,0.3,214
2,1,25000,0.3,1004
2,1,25000,0.3,403
2,1,25000,0.3,755
2,1,25000,0.4,450
2,1,25000,0.4,512
2,1,25000,0.4,290
2,1,25000,0.4,1168
2,1,25000,0.4,441
2,1,25000,0.4,300
2,1,25000,0.4,457
2,1,25000,0.4,714
2,1,25000,0.4,373
2,1,25000,0.4,688
2,1,25000,0.4,673
2,1,25000,0.4,472
2,1,25000,0.4,417
2,1,25000,0.4,218
2,1,25000,0.4,417
2,1,25000,0.4,874
2,1,25000,0.4,349
2,1,25000,0.4,422
2,1,25000,0.4,458
2,1,25000,0.4,529
2,1,25000,0.4,594
2,1,25000,0.4,826
2,1,25000,0.4,326
2,1,25000,0.4,559
2,1,25000,0.4,635
2,1,25000,0.4,584
2,1,25000,0.4,329
2,1,25000,0.4,504
2,1,25000,0.4,402
2,1,25000,0.4,454
2,1,25000,0.4,1182
2,1,25000,0.4,695
2,1,25000,0.4,243
2,1,25000,0.4,591
2,1,25000,0.4,190
2,1,25000,0.4,717
2,1,25000,0.4,828
2,1,25000,0.4,587
2,1,25000,0.4,421
2,1,25000,0.4,814
2,1,25000,0.4,289
2,1,25000,0.4,740
2,1,25000,0.4,321
2,1,25000,0.4,681
2,1,25000,0.4,254
2,1,25000,0.4,828
2,1,25000,0.4,526
2,1,25000,0.4,860
2,1,25000,0.4,238
2,1,25000,0.4,254
2,1,25000,0.4,679
2,1,25000,0.4,351
2,1,25000,0.4,163
2,1,25000,0.4,849
2,1,25000,0.4,631
2,1,25000,0.4,348
2,1,25000,0.4,521
2,1,25000,0.4,677
2,1,25000,0.4,920
2,1,25000,0.4,730
2,1,25000,0.4,211
2,1,25000,0.4,490
2,1,25000,0.4,550
2,1,25000,0.4,569
2,1,25000,0.4,235
2,1,25000,0.4,482
2,1,25000,0.4,542
2,1,25000,0.4,742
2,1,25000,0.4,610
2,1,25000,0.4,527
2,1,25000,0.4,724
2,1,25000,0.4,112
2,1,25000,0.4,202
2,1,25000,0.4,878
2,1,25000,0.4,584
2,1,25000,0.4,737
2,1,25000,0.4,522
2,1,25000,0.4,916
2,1,25000,0.4,559
2,1,25000,0.4,820
2,1,25000,0.4,246
2,1,25000,0.4,555
2,1,25000,0.4,602
2,1,25000,0.4,590
2,1,25000,0.4,378
2,1,25000,0.4,367
2,1,25000,0.4,335
2,1,25000,0.4,120
2,1,25000,0.4,370
2,1,25000,0.4,665
2,1,25000,0.4,528
2,1,25000,0.4,512
2,1,25000,0.4,347
2,1,25000,0.4,348
2,1,25000,0.4,288
2,1,25000,0.4,514
2,1,25000,0.4,696
2,1,25000,0.4,542
2,1,25000,0.4,695
2,1,25000,0.4,353
2,1,25000,0.5,333
2,1,25000,0.5,345
2,1,25000,0.5,200
2,1,25000,0.5,885
2,1,25000,0.5,768
2,1,25000,0.5,736
2,1,25000,0.5,830
2,1,25000,0.5,717
2,1,25000,0.5,449
2,1,25000,0.5,743
2,1,25000,0.5,491
2,1,25000,0.5,693
2,1,25000,0.5,584
2,1,25000,0.5,545
2,1,25000,0.5,572
2,1,25000,0.5,676
2,1,25000,0.5,284
2,1,25000,0.5,650
2,1,25000,0.5,219
2,1,25000,0.5,335
2,1,25000,0.5,736
2,1,25000,0.5,224
2,1,25000,0.5,607
2,1,25000,0.5,779
2,1,25000,0.5,332
2,1,25000,0.5,739
2,1,25000,0.5,536
2,1,25000,0.5,860
2,1,25000,0.5,476
2,1,25000,0.5,344
2,1,25000,0.5,498
2,1,25000,0.5,485
2,1,25000,0.5,466
2,1,25000,0.5,195
2,1,25000,0.5,500
2,1,25000,0.5,584
2,1,25000,0.5,682
2,1,25000,0.5,714
2,1,25000,0.5,391
2,1,25000,0.5,645
2,1,25000,0.5,501
2,1,25000,0.5,470
2,1,25000,0.5,655
2,1,25000,0.5,940
2,1,25000,0.5,589
2,1,25000,0.5,622
2,1,25000,0.5,194
2,1,25000,0.5,607
2,1,25000,0.5,583
2,1,25000,0.5,875
2,1,25000,0.5,610
2,1,25000,0.5,575
2,1,25000,0.5,1003
2,1,25000,0.5,362
2,1,25000,0.5,533
2,1,25000,0.5,564
2,1,25000,0.5,129
2,1,25000,0.5,504
2,1,25000,0.5,1036
2,1,25000,0.5,593
2,1,25000,0.5,281
2,1,25000,0.5,302
2,1,25000,0.5,717
2,1,25000,0.5,859
2,1,25000,0.5,378
2,1,25000,0.5,449
2,1,25000,0.5,618
2,1,25000,0.5,184
2,1,25000,0.5,720
2,1,25000,0.5,533
2,1,25000,0.5,704
2,1,25000,0.5,317
2,1,25000,0.5,470
2,1,25000,0.5,300
2,1,25000,0.5,689
2,1,25000,0.5,813
2,1,25000,0.5,586
2,1,25000,0.5,432
2,1,25000,0.5,799
2,1,25000,0.5,458
2,1,25000,0.5,554
2,1,25000,0.5,466
2,1,25000,0.5,1098
2,1,25000,0.5,949
2,1,25000,0.5,383
2,1,25000,0.5,247
2,1,25000,0.5,276
2,1,25000,0.5,504
2,1,25000,0.5,182
2,1,25000,0.5,671
2,1,25000,0.5,405
2,1,25000,0.5,664
2,1,25000,0.5,996
2,1,25000,0.5,395
2,1,25000,0.5,401
2,1,25000,0.5,551
2,1,25000,0.5,578
2,1,25000,0.5,623
2,1,25000,0.5,587
2,1,25000,0.5,556
2,1,30000,0.1,245
2,1,30000,0.1,577
2,1,30000,0.1,328
2,1,30000,0.1,309
2,1,30000,0.1,524
2,1,30000,0.1,530
2,1,30000,0.1,453
2,1,30000,0.1,383
2,1,30000,0.1,252
2,1,30000,0.1,562
2,1,30000,0.1,135
2,1,30000,0.1,719
2,1,30000,0.1,418
2,1,30000,0.1,698
2,1,30000,0.1,290
2,1,30000,0.1,265
2,1,30000,0.1,800
2,1,30000,0.1,384
2,1,30000,0.1,357
2,1,30000,0.1,472
2,1,30000,0.1,599
2,1,30000,0.1,362
2,1,30000,0.1,363
2,1,30000,0.1,489
2,1,30000,0.1,449
2,1,30000,0.1,654
2,1,30000,0.1,623
2,1,30000,0.1,314
2,1,30000,0.1,446
2,1,30000,0.1,655
2,1,30000,0.1,330
2,1,30000,0.1,410
2,1,30000,0.1,311
2,1,30000,0.1,288
2,1,30000,0.1,437
2,1,30000,0.1,574
2,1,30000,0.1,324
2,1,30000,0.1,368
2,1,30000,0.1,308
2,1,30000,0.1,518
2,1,30000,0.1,558
2,1,30000,0.1,641
2,1,30000,0.1,375
2,1,30000,0.1,393
2,1,30000,0.1,265
2,1,30000,0.1,384
2,1,30000,0.1,514
2,1,30000,0.1,371
2,1,30000,0.1,316
2,1,30000,0.1,294
2,1,30000,0.1,487
2,1,30000,0.1,293
2,1,30000,0.1,400
2,1,30000,0.1,636
2,1,30000,0.1,440
2,1,30000,0.1,424
2,1,30000,0.1,520
2,1,30000,0.1,750
2,1,30000,0.1,580
2,1,30000,0.1,501
2,1,30000,0.1,561
2,1,30000,0.1,572
2,1,30000,0.1,410
2,1,30000,0.1,872
2,1,30000,0.1,361
2,1,30000,0.1,112
2,1,30000,0.1,337
2,1,30000,0.1,305
2,1,30000,0.1,347
2,1,30000,0.1,271
2,1,30000,0.1,463
2,1,30000,0.1,500
2,1,30000,0.1,610
2,1,30000,0.1,480
2,1,30000,0.1,711
2,1,30000,0.1,581
2,1,30000,0.1,381
2,1,30000,0.1,723
2,1,30000,0.1,584
2,1,30000,0.1,649
2,1,30000,0.1,294
2,1,30000,0.1,408
2,1,30000,0.1,299
2,1,30000,0.1,725
2,1,30000,0.1,586
2,1,30000,0.1,406
2,1,30000,0.1,608
2,1,30000,0.1,343
2,1,30000,0.1,439
2,1,30000,0.1,428
2,1,30000,0.1,268
2,1,30000,0.1,375
2,1,30000,0.1,306
2,1,30000,0.1,492
2,1,30000,0.1,535
2,1,30000,0.1,320
2,1,30000,0.1,831
2,1,30000,0.1,542
2,1,30000,0.1,353
2,1,30000,0.1,555
2,1,30000,0.2,453
2,1,30000,0.2,326
2,1,30000,0.2,211
2,1,30000,0.2,354
2,1,30000,0.2,303
2,1,30000,0.2,245
2,1,30000,0.2,623
2,1,30000,0.2,699
2,1,30000,0.2,579
2,1,30000,0.2,468
2,1,30000,0.2,436
2,1,30000,0.2,420
2,1,30000,0.2,587
2,1,30000,0.2,675
2,1,30000,0.2,663
2,1,30000,0.2,419
2,1,30000,0.2,478
2,1,30000,0.2,395
2,1,30000,0.2,493
2,1,30000,0.2,230
2,1,30000,0.2,670
2,1,30000,0.2,502
2,1,30000,0.2,644
2,1,30000,0.2,368
2,1,30000,0.2,325
2,1,30000,0.2,573
2,1,30000,0.2,192
2,1,30000,0.2,675
2,1,30000,0.2,518
2,1,30000,0.2,222
2,1,30000,0.2,677
2,1,30000,0.2,570
2,1,30000,0.2,387
2,1,30000,0.2,803
2,1,30000,0.2,187
2,1,30000,0.2,207
2,1,30000,0.2,855
2,1,30000,0.2,517
2,1,30000,0.2,497
2,1,30000,0.2,1000
2,1,30000,0.2,628
2,1,30000,0.2,306
2,1,30000,0.2,640
2,1,30000,0.2,547
2,1,30000,0.2,716
2,1,30000,0.2,270
2,1,30000,0.2,651
2,1,30000,0.2,906
2,1,30000,0.2,463
2,1,30000,0.2,361
2,1,30000,0.2,483
2,1,30000,0.2,896
2,1,30000,0.2,305
2,1,30000,0.2,489
2,1,30000,0.2,496
2,1,30000,0.2,393
2,1,30000,0.2,672
2,1,30000,0.2,393
2,1,30000,0.2,333
2,1,30000,0.2,496
2,1,30000,0.2,459
2,1,30000,0.2,657
2,1,30000,0.2,556
2,1,30000,0.2,366
2,1,30000,0.2,91
2,1,30000,0.2,388
2,1,30000,0.2,566
2,1,30000,0.2,774
2,1,30000,0.2,577
2,1,30000,0.2,967
2,1,30000,0.2,272
2,1,30000,0.2,398
2,1,30000,0.2,583
2,1,30000,0.2,401
2,1,30000,0.2,579
2,1,30000,0.2,380
2,1,30000,0.2,863
2,1,30000,0.2,628
2,1,30000,0.2,502
2,1,30000,0.2,353
2,1,30000,0.2,597
2,1,30000,0.2,650
2,1,30000,0.2,892
2,1,30000,0.2,533
2,1,30000,0.2,598
2,1,30000,0.2,562
2,1,30000,0.2,496
2,1,30000,0.2,607
2,1,30000,0.2,756
2,1,30000,0.2,384
2,1,30000,0.2,526
2,1,30000,0.2,251
2,1,30000,0.2,636
2,1,30000,0.2,679
2,1,30000,0.2,384
2,1,30000,0.2,464
2,1,30000,0.2,783
2,1,30000,0.2,506
2,1,30000,0.2,504
2,1,30000,0.2,283
2,1,30000,0.3,753
2,1,30000,0.3,715
2,1,30000,0.3,924
2,1,30000,0.3,547
2,1,30000,0.3,560
2,1,30000,0.3,401
2,1,30000,0.3,758
2,1,30000,0.3,300
2,1,30000,0.3,773
2,1,30000,0.3,799
2,1,30000,0.3,395
2,1,30000,0.3,678
2,1,30000,0.3,592
2,1,30000,0.3,562
2,1,30000,0.3,260
2,1,30000,0.3,577
2,1,30000,0.3,679
2,1,30000,0.3,579
2,1,30000,0.3,241
2,1,30000,0.3,599
2,1,30000,0.3,764
2,1,30000,0.3,574
2,1,30000,0.3,787
2,1,30000,0.3,722
2,1,30000,0.3,446
2,1,30000,0.3,613
2,1,30000,0.3,394
2,1,30000,0.3,394
2,1,30000,0.3,387
2,1,30000,0.3,413
2,1,30000,0.3,230
2,1,30000,0.3,514
2,1,30000,0.3,738
2,1,30000,0.3,917
2,1,30000,0.3,356
2,1,30000,0.3,667
2,1,30000,0.3,677
2,1,30000,0.3,534
2,1,30000,0.3,1095
2,1,30000,0.3,608
2,1,30000,0.3,561
2,1,30000,0.3,877
2,1,30000,0.3,469
2,1,30000,0.3,555
2,1,30000,0.3,484
2,1,30000,0.3,677
2,1,30000,0.3,519
2,1,30000,0.3,434
2,1,30000,0.3,443
2,1,30000,0.3,531
2,1,30000,0.3,403
2,1,30000,0.3,433
2,1,30000,0.3,556
2,1,30000,0.3,330
2,1,30000,0.3,576
2,1,30000,0.3,934
2,1,30000,0.3,397
2,1,30000,0.3,295
2,1,30000,0.3,682
2,1,30000,0.3,648
2,1,30000,0.3,96
2,1,30000,0.3,339
2,1,30000,0.3,715
2,1,30000,0.3,192
2,1,30000,0.3,381
2,1,30000,0.3,172
2,1,30000,0.3,930
2,1,30000,0.3,671
2,1,30000,0.3,226
2,1,30000,0.3,747
2,1,30000,0.3,512
2,1,30000,0.3,501
2,1,30000,0.3,629
2,1,30000,0.3,1157
2,1,30000,0.3,833
2,1,30000,0.3,519
2,1,30000,0.3,653
2,1,30000,0.3,1200
2,1,30000,0.3,885
2,1,30000,0.3,327
2,1,30000,0.3,647
2,1,30000,0.3,276
2,1,30000,0.3,723
2,1,30000,0.3,664
2,1,30000,0.3,644
2,1,30000,0.3,493
2,1,30000,0.3,474
2,1,30000,0.3,410
2,1,30000,0.3,915
2,1,30000,0.3,868
2,1,30000,0.3,247
2,1,30000,0.3,667
2,1,30000,0.3,856
2,1,30000,0.3,90
2,1,30000,0.3,537
2,1,30000,0.3,811
2,1,30000,0.3,476
2,1,30000,0.3,528
2,1,30000,0.3,694
2,1,30000,0.3,490
2,1,30000,0.4,621
2,1,30000,0.4,385
2,1,30000,0.4,729
2,1,30000,0.4,670
2,1,30000,0.4,861
2,1,30000,0.4,638
2,1,30000,0.4,644
2,1,30000,0.4,393
2,1,30000,0.4,298
2,1,30000,0.4,672
2,1,30000,0.4,611
2,1,30000,0.4,548
2,1,30000,0.4,428
2,1,30000,0.4,447
2,1,30000,0.4,1065
2,1,30000,0.4,549
2,1,30000,0.4,747
2,1,30000,0.4,677
2,1,30000,0.4,640
2,1,30000,0.4,536
2,1,30000,0.4,355
2,1,30000,0.4,509
2,1,30000,0.4,864
2,1,30000,0.4,854
2,1,30000,0.4,673
2,1,30000,0.4,518
2,1,30000,0.4,465
2,1,30000,0.4,466
2,1,30000,0.4,529
2,1,30000,0.4,337
2,1,30000,0.4,632
2,1,30000,0.4,718
2,1,30000,0.4,592
2,1,30000,0.4,383
2,1,30000,0.4,503
2,1,30000,0.4,612
2,1,30000,0.4,931
2,1,30000,0.4,514
2,1,30000,0.4,919
2,1,30000,0.4,351
2,1,30000,0.4,675
2,1,30000,0.4,1003
2,1,30000,0.4,386
2,1,30000,0.4,559
2,1,30000,0.4,596
2,1,30000,0.4,472
2,1,30000,0.4,738
2,1,30000,0.4,425
2,1,30000,0.4,1119
2,1,30000,0.4,663
2,1,30000,0.4,377
2,1,30000,0.4,636
2,1,30000,0.4,940
2,1,30000,0.4,675
2,1,30000,0.4,138
2,1,30000,0.4,1020
2,1,30000,0.4,344
2,1,30000,0.4,365
2,1,30000,0.4,392
2,1,30000,0.4,313
2,1,30000,0.4,379
2,1,30000,0.4,999
2,1,30000,0.4,431
2,1,30000,0.4,494
2,1,30000,0.4,510
2,1,30000,0.4,618
2,1,30000,0.4,406
2,1,30000,0.4,430
2,1,30000,0.4,217
2,1,30000,0.4,534
2,1,30000,0.4,342
2,1,30000,0.4,697
2,1,30000,0.4,564
2,1,30000,0.4,469
2,1,30000,0.4,649
2,1,30000,0.4,359
2,1,30000,0.4,549
2,1,30000,0.4,957
2,1,30000,0.4,206
2,1,30000,0.4,354
2,1,30000,0.4,499
2,1,30000,0.4,812
2,1,30000,0.4,781
2,1,30000,0.4,329
2,1,30000,0.4,642
2,1,30000,0.4,535
2,1,30000,0.4,864
2,1,30000,0.4,248
2,1,30000,0.4,585
2,1,30000,0.4,533
2,1,30000,0.4,748
2,1,30000,0.4,558
2,1,30000,0.4,356
2,1,30000,0.4,264
2,1,30000,0.4,271
2,1,30000,0.4,772
2,1,30000,0.4,651
2,1,30000,0.4,747
2,1,30000,0.4,556
2,1,30000,0.4,404
2,1,30000,0.5,1031
2,1,30000,0.5,875
2,1,30000,0.5,416
2,1,30000,0.5,782
2,1,30000,0.5,480
2,1,30000,0.5,439
2,1,30000,0.5,550
2,1,30000,0.5,242
2,1,30000,0.5,455
2,1,30000,0.5,498
2,1,30000,0.5,472
2,1,30000,0.5,438
2,1,30000,0.5,219
2,1,30000,0.5,967
2,1,30000,0.5,350
2,1,30000,0.5,489
2,1,30000,0.5,403
2,1,30000,0.5,460
2,1,30000,0.5,720
2,1,30000,0.5,801
2,1,30000,0.5,280
2,1,30000,0.5,602
2,1,30000,0.5,503
2,1,30000,0.5,678
2,1,30000,0.5,514
2,1,30000,0.5,753
2,1,30000,0.5,1004
2,1,30000,0.5,320
2,1,30000,0.5,419
2,1,30000,0.5,600
2,1,30000,0.5,575
2,1,30000,0.5,578
2,1,30000,0.5,508
2,1,30000,0.5,772
2,1,30000,0.5,275
2,1,30000,0.5,387
2,1,30000,0.5,560
2,1,30000,0.5,939
2,1,30000,0.5,716
2,1,30000,0.5,663
2,1,30000,0.5,331
2,1,30000,0.5,638
2,1,30000,0.5,444
2,1,30000,0.5,531
2,1,30000,0.5,996
2,1,30000,0.5,423
2,1,30000,0.5,586
2,1,30000,0.5,705
2,1,30000,0.5,776
2,1,30000,0.5,520
2,1,30000,0.5,792
2,1,30000,0.5,319
2,1,30000,0.5,498
2,1,30000,0.5,596
2,1,30000,0.5,610
2,1,30000,0.5,611
2,1,30000,0.5,583
2,1,30000,0.5,623
2,1,30000,0.5,813
2,1,30000,0.5,608
2,1,30000,0.5,428
2,1,30000,0.5,735
2,1,30000,0.5,479
2,1,30000,0.5,445
2,1,30000,0.5,505
2,1,30000,0.5,803
2,1,30000,0.5,490
2,1,30000,0.5,767
2,1,30000,0.5,543
2,1,30000,0.5,1233
2,1,30000,0.5,903
2,1,30000,0.5,288
2,1,30000,0.5,546
2,1,30000,0.5,346
2,1,30000,0.5,677
2,1,30000,0.5,686
2,1,30000,0.5,565
2,1,30000,0.5,648
2,1,30000,0.5,275
2,1,30000,0.5,359
2,1,30000,0.5,280
2,1,30000,0.5,418
2,1,30000,0.5,372
2,1,30000,0.5,570
2,1,30000,0.5,233
2,1,30000,0.5,745
2,1,30000,0.5,304
2,1,30000,0.5,478
2,1,30000,0.5,362
2,1,30000,0.5,293
2,1,30000,0.5,470
2,1,30000,0.5,160
2,1,30000,0.5,303
2,1,30000,0.5,561
2,1,30000,0.5,1003
2,1,30000,0.5,664
2,1,30000,0.5,320
2,1,30000,0.5,469
2,1,30000,0.5,273
2,1,30000,0.5,872
2,1,35000,0.1,367
2,1,35000,0.1,243
2,1,35000,0.1,339
2,1,35000,0.1,863
2,1,35000,0.1,256
2,1,35000,0.1,306
2,1,35000,0.1,474
2,1,35000,0.1,795
2,1,35000,0.1,637
2,1,35000,0.1,483
2,1,35000,0.1,308
2,1,35000,0.1,674
2,1,35000,0.1,479
2,1,35000,0.1,393
2,1,35000,0.1,276
2,1,35000,0.1,369
2,1,35000,0.1,362
2,1,35000,0.1,583
2,1,35000,0.1,420
2,1,35000,0.1,400
2,1,35000,0.1,492
2,1,35000,0.1,521
2,1,35000,0.1,542
2,1,35000,0.1,799
2,1,35000,0.1,505
2,1,35000,0.1,219
2,1,35000,0.1,207
2,1,35000,0.1,460
2,1,35000,0.1,254
2,1,35000,0.1,309
2,1,35000,0.1,592
2,1,35000,0.1,201
2,1,35000,0.1,507
2,1,35000,0.1,572
2,1,35000,0.1,415
2,1,35000,0.1,638
2,1,35000,0.1,685
2,1,35000,0.1,353
2,1,35000,0.1,461
2,1,35000,0.1,429
2,1,35000,0.1,472
2,1,35000,0.1,606
2,1,35000,0.1,337
2,1,35000,0.1,258
2,1,35000,0.1,677
2,1,35000,0.1,940
2,1,35000,0.1,826
2,1,35000,0.1,527
2,1,35000,0.1,466
2,1,35000,0.1,291
2,1,35000,0.1,567
2,1,35000,0.1,242
2,1,35000,0.1,476
2,1,35000,0.1,361
2,1,35000,0.1,822
2,1,35000,0.1,570
2,1,35000,0.1,558
2,1,35000,0.1,387
2,1,35000,0.1,317
2,1,35000,0.1,544
2,1,35000,0.1,904
2,1,35000,0.1,617
2,1,35000,0.1,395
2,1,35000,0.1,494
2,1,35000,0.1,689
2,1,35000,0.1,572
2,1,35000,0.1,526
2,1,35000,0.1,541
2,1,35000,0.1,479
2,1,35000,0.1,339
2,1,35000,0.1,319
2,1,35000,0.1,459
2,1,35000,0.1,492
2,1,35000,0.1,443
2,1,35000,0.1,489
2,1,35000,0.1,719
2,1,35000,0.1,316
2,1,35000,0.1,298
2,1,35000,0.1,640
2,1,35000,0.1,538
2,1,35000,0.1,636
2,1,35000,0.1,517
2,1,35000,0.1,393
2,1,35000,0.1,545
2,1,35000,0.1,380
2,1,35000,0.1,773
2,1,35000,0.1,526
2,1,35000,0.1,466
2,1,35000,0.1,484
2,1,35000,0.1,278
2,1,35000,0.1,546
2,1,35000,0.1,484
2,1,35000,0.1,124
2,1,35000,0.1,344
2,1,35000,0.1,228
2,1,35000,0.1,419
2,1,35000,0.1,488
2,1,35000,0.1,459
2,1,35000,0.1,659
2,1,35000,0.1,344
2,1,35000,0.2,460
2,1,35000,0.2,631
2,1,35000,0.2,1175
2,1,35000,0.2,537
2,1,35000,0.2,455
2,1,35000,0.2,280
2,1,35000,0.2,469
2,1,35000,0.2,785
2,1,35000,0.2,735
2,1,35000,0.2,597
2,1,35000,0.2,621
2,1,35000,0.2,343
2,1,35000,0.2,445
2,1,35000,0.2,743
2,1,35000,0.2,425
2,1,35000,0.2,308
2,1,35000,0.2,668
2,1,35000,0.2,189
2,1,35000,0.2,382
2,1,35000,0.2,636
2,1,35000,0.2,739
2,1,35000,0.2,544
2,1,35000,0.2,431
2,1,35000,0.2,591
2,1,35000,0.2,395
2,1,35000,0.2,474
2,1,35000,0.2,442
2,1,35000,0.2,175
2,1,35000,0.2,688
2,1,35000,0.2,376
2,1,35000,0.2,911
2,1,35000,0.2,510
2,1,35000,0.2,486
2,1,35000,0.2,740
2,1,35000,0.2,419
2,1,35000,0.2,622
2,1,35000,0.2,744
2,1,35000,0.2,620
2,1,35000,0.2,547
2,1,35000,0.2,496
2,1,35000,0.2,614
2,1,35000,0.2,512
2,1,35000,0.2,649
2,1,35000,0.2,874
2,1,35000,0.2,679
2,1,35000,0.2,695
2,1,35000,0.2,699
2,1,35000,0.2,380
2,1,35000,0.2,630
2,1,35000,0.2,792
2,1,35000,0.2,258
2,1,35000,0.2,649
2,1,35000,0.2,646
2,1,35000,0.2,354
2,1,35000,0.2,654
2,1,35000,0.2,788
2,1,35000,0.2,578
2,1,35000,0.2,585
2,1,35000,0.2,815
2,1,35000,0.2,572
2,1,35000,0.2,398
2,1,35000,0.2,553
2,1,35000,0.2,213
2,1,35000,0.2,604
2,1,35000,0.2,608
2,1,35000,0.2,833
2,1,35000,0.2,304
2,1,35000,0.2,357
2,1,35000,0.2,135
2,1,35000,0.2,767
2,1,35000,0.2,503
2,1,35000,0.2,530
2,1,35000,0.2,628
2,1,35000,0.2,620
2,1,35000,0.2,344
2,1,35000,0.2,562
2,1,35000,0.2,366
2,1,35000,0.2,868
2,1,35000,0.2,740
2,1,35000,0.2,765
2,1,35000,0.2,1131
2,1,35000,0.2,672
2,1,35000,0.2,971
2,1,35000,0.2,1074
2,1,35000,0.2,578
2,1,35000,0.2,644
2,1,35000,0.2,227
2,1,35000,0.2,387
2,1,35000,0.2,145
2,1,35000,0.2,674
2,1,35000,0.2,277
2,1,35000,0.2,933
2,1,35000,0.2,446
2,1,35000,0.2,879
2,1,35000,0.2,638
2,1,35000,0.2,448
2,1,35000,0.2,549
2,1,35000,0.2,582
2,1,35000,0.2,735
2,1,35000,0.2,607
2,1,35000,0.3,746
2,1,35000,0.3,287
2,1,35000,0.3,1032
2,1,35000,0.3,1085
2,1,35000,0.3,615
2,1,35000,0.3,346
2,1,35000,0.3,648
2,1,35000,0.3,830
2,1,35000,0.3,514
2,1,35000,0.3,452
2,1,35000,0.3,863
2,1,35000,0.3,434
2,1,35000,0.3,670
2,1,35000,0.3,710
2,1,35000,0.3,675
2,1,35000,0.3,218
2,1,35000,0.3,412
2,1,35000,0.3,179
2,1,35000,0.3,599
2,1,35000,0.3,1029
2,1,35000,0.3,462
2,1,35000,0.3,629
2,1,35000,0.3,535
2,1,35000,0.3,867
2,1,35000,0.3,299
2,1,35000,0.3,441
2,1,35000,0.3,646
2,1,35000,0.3,329
2,1,35000,0.3,1124
2,1,35000,0.3,758
2,1,35000,0.3,489
2,1,35000,0.3,749
2,1,35000,0.3,498
2,1,35000,0.3,613
2,1,35000,0.3,486
2,1,35000,0.3,688
2,1,35000,0.3,221
2,1,35000,0.3,282
2,1,35000,0.3,626
2,1,35000,0.3,511
2,1,35000,0.3,464
2,1,35000,0.3,517
2,1,35000,0.3,370
2,1,35000,0.3,736
2,1,35000,0.3,218
2,1,35000,0.3,607
2,1,35000,0.3,332
2,1,35000,0.3,535
2,1,35000,0.3,757
2,1,35000,0.3,414
2,1,35000,0.3,394
2,1,35000,0.3,598
2,1,35000,0.3,529
2,1,35000,0.3,614
2,1,35000,0.3,264
2,1,35000,0.3,837
2,1,35000,0.3,660
2,1,35000,0.3,778
2,1,35000,0.3,1001
2,1,35000,0.3,1367
2,1,35000,0.3,778
2,1,35000,0.3,582
2,1,35000,0.3,196
2,1,35000,0.3,662
2,1,35000,0.3,382
2,1,35000,0.3,877
2,1,35000,0.3,434
2,1,35000,0.3,638
2,1,35000,0.3,638
2,1,35000,0.3,724
2,1,35000,0.3,842
2,1,35000,0.3,588
2,1,35000,0.3,809
2,1,35000,0.3,524
2,1,35000,0.3,450
2,1,35000,0.3,526
2,1,35000,0.3,621
2,1,35000,0.3,420
2,1,35000,0.3,677
2,1,35000,0.3,242
2,1,35000,0.3,326
2,1,35000,0.3,609
2,1,35000,0.3,273
2,1,35000,0.3,575
2,1,35000,0.3,572
2,1,35000,0.3,585
2,1,35000,0.3,910
2,1,35000,0.3,950
2,1,35000,0.3,362
2,1,35000,0.3,705
2,1,35000,0.3,798
2,1,35000,0.3,725
2,1,35000,0.3,254
2,1,35000,0.3,868
2,1,35000,0.3,601
2,1,35000,0.3,689
2,1,35000,0.3,663
2,1,35000,0.3,538
2,1,35000,0.3,961
2,1,35000,0.3,838
2,1,35000,0.4,656
2,1,35000,0.4,560
2,1,35000,0.4,380
2,1,35000,0.4,428
2,1,35000,0.4,616
2,1,35000,0.4,910
2,1,35000,0.4,685
2,1,35000,0.4,785
2,1,35000,0.4,828
2,1,35000,0.4,617
2,1,35000,0.4,973
2,1,35000,0.4,815
2,1,35000,0.4,377
2,1,35000,0.4,477
2,1,35000,0.4,673
2,1,35000,0.4,377
2,1,35000,0.4,365
2,1,35000,0.4,970
2,1,35000,0.4,274
2,1,35000,0.4,562
2,1,35000,0.4,543
2,1,35000,0.4,654
2,1,35000,0.4,1313
2,1,35000,0.4,768
2,1,35000,0.4,715
2,1,35000,0.4,660
2,1,35000,0.4,294
2,1,35000,0.4,635
2,1,35000,0.4,500
2,1,35000,0.4,562
2,1,35000,0.4,500
2,1,35000,0.4,759
2,1,35000,0.4,207
2,1,35000,0.4,849
2,1,35000,0.4,750
2,1,35000,0.4,1049
2,1,35000,0.4,516
2,1,35000,0.4,967
2,1,35000,0.4,763
2,1,35000,0.4,207
2,1,35000,0.4,607
2,1,35000,0.4,1088
2,1,35000,0.4,623
2,1,35000,0.4,945
2,1,35000,0.4,877
2,1,35000,0.4,312
2,1,35000,0.4,924
2,1,35000,0.4,547
2,1,35000,0.4,868
2,1,35000,0.4,746
2,1,35000,0.4,834
2,1,35000,0.4,849
2,1,35000,0.4,989
2,1,35000,0.4,520
2,1,35000,0.4,905
2,1,35000,0.4,365
2,1,35000,0.4,611
2,1,35000,0.4,280
2,1,35000,0.4,759
2,1,35000,0.4,605
2,1,35000,0.4,551
2,1,35000,0.4,931
2,1,35000,0.4,658
2,1,35000,0.4,651
2,1,35000,0.4,988
2,1,35000,0.4,625
2,1,35000,0.4,391
2,1,35000,0.4,535
2,1,35000,0.4,886
2,1,35000,0.4,611
2,1,35000,0.4,710
2,1,35000,0.4,712
2,1,35000,0.4,933
2,1,35000,0.4,489
2,1,35000,0.4,589
2,1,35000,0.4,295
2,1,35000,0.4,875
2,1,35000,0.4,897
2,1,35000,0.4,524
2,1,35000,0.4,726
2,1,35000,0.4,1192
2,1,35000,0.4,509
2,1,35000,0.4,1350
2,1,35000,0.4,412
2,1,35000,0.4,630
2,1,35000,0.4,586
2,1,35000,0.4,629
2,1,35000,0.4,731
2,1,35000,0.4,1265
2,1,35000,0.4,598
2,1,35000,0.4,832
2,1,35000,0.4,823
2,1,35000,0.4,519
2,1,35000,0.4,582
2,1,35000,0.4,316
2,1,35000,0.4,811
2,1,35000,0.4,1082
2,1,35000,0.4,646
2,1,35000,0.4,755
2,1,35000,0.4,638
2,1,35000,0.5,638
2,1,35000,0.5,1088
2,1,35000,0.5,604
2,1,35000,0.5,293
2,1,35000,0.5,488
2,1,35000,0.5,622
2,1,35000,0.5,405
2,1,35000,0.5,504
2,1,35000,0.5,837
2,1,35000,0.5,639
2,1,35000,0.5,397
2,1,35000,0.5,975
2,1,35000,0.5,764
2,1,35000,0.5,502
2,1,35000,0.5,499
2,1,35000,0.5,671
2,1,35000,0.5,556
2,1,35000,0.5,789
2,1,35000,0.5,370
2,1,35000,0.5,1000
2,1,35000,0.5,862
2,1,35000,0.5,1002
2,1,35000,0.5,901
2,1,35000,0.5,468
2,1,35000,0.5,833
2,1,35000,0.5,665
2,1,35000,0.5,931
2,1,35000,0.5,701
2,1,35000,0.5,587
2,1,35000,0.5,405
2,1,35000,0.5,764
2,1,35000,0.5,404
2,1,35000,0.5,1008
2,1,35000,0.5,1132
2,1,35000,0.5,1215
2,1,35000,0.5,471
2,1,35000,0.5,523
2,1,35000,0.5,658
2,1,35000,0.5,453
2,1,35000,0.5,916
2,1,35000,0.5,796
2,1,35000,0.5,582
2,1,35000,0.5,692
2,1,35000,0.5,764
2,1,35000,0.5,555
2,1,35000,0.5,746
2,1,35000,0.5,634
2,1,35000,0.5,326
2,1,35000,0.5,901
2,1,35000,0.5,948
2,1,35000,0.5,495
2,1,35000,0.5,1038
2,1,35000,0.5,317
2,1,35000,0.5,751
2,1,35000,0.5,1147
2,1,35000,0.5,719
2,1,35000,0.5,597
2,1,35000,0.5,1213
2,1,35000,0.5,807
2,1,35000,0.5,327
2,1,35000,0.5,640
2,1,35000,0.5,702
2,1,35000,0.5,915
2,1,35000,0.5,354
2,1,35000,0.5,563
2,1,35000,0.5,712
2,1,35000,0.5,476
2,1,35000,0.5,604
2,1,35000,0.5,1154
2,1,35000,0.5,475
2,1,35000,0.5,439
2,1,35000,0.5,647
2,1,35000,0.5,585
2,1,35000,0.5,536
2,1,35000,0.5,823
2,1,35000,0.5,876
2,1,35000,0.5,205
2,1,35000,0.5,556
2,1,35000,0.5,229
2,1,35000,0.5,1179
2,1,35000,0.5,687
2,1,35000,0.5,671
2,1,35000,0.5,443
2,1,35000,0.5,666
2,1,35000,0.5,486
2,1,35000,0.5,719
2,1,35000,0.5,782
2,1,35000,0.5,738
2,1,35000,0.5,644
2,1,35000,0.5,685
2,1,35000,0.5,306
2,1,35000,0.5,1156
2,1,35000,0.5,755
2,1,35000,0.5,413
2,1,35000,0.5,543
2,1,35000,0.5,313
2,1,35000,0.5,1064
2,1,35000,0.5,543
2,1,35000,0.5,512
2,1,35000,0.5,900
2,1,40000,0.1,424
2,1,40000,0.1,578
2,1,40000,0.1,435
2,1,40000,0.1,508
2,1,40000,0.1,302
2,1,40000,0.1,405
2,1,40000,0.1,879
2,1,40000,0.1,401
2,1,40000,0.1,652
2,1,40000,0.1,656
2,1,40000,0.1,223
2,1,40000,0.1,490
2,1,40000,0.1,483
2,1,40000,0.1,405
2,1,40000,0.1,785
2,1,40000,0.1,471
2,1,40000,0.1,532
2,1,40000,0.1,502
2,1,40000,0.1,355
2,1,40000,0.1,364
2,1,40000,0.1,575
2,1,40000,0.1,430
2,1,40000,0.1,367
2,1,40000,0.1,471
2,1,40000,0.1,607
2,1,40000,0.1,397
2,1,40000,0.1,604
2,1,40000,0.1,516
2,1,40000,0.1,316
2,1,40000,0.1,240
2,1,40000,0.1,622
2,1,40000,0.1,370
2,1,40000,0.1,472
2,1,40000,0.1,281
2,1,40000,0.1,205
2,1,40000,0.1,796
2,1,40000,0.1,722
2,1,40000,0.1,746
2,1,40000,0.1,870
2,1,40000,0.1,682
2,1,40000,0.1,566
2,1,40000,0.1,365
2,1,40000,0.1,520
2,1,40000,0.1,715
2,1,40000,0.1,674
2,1,40000,0.1,223
2,1,40000,0.1,584
2,1,40000,0.1,492
2,1,40000,0.1,432
2,1,40000,0.1,597
2,1,40000,0.1,514
2,1,40000,0.1,317
2,1,40000,0.1,975
2,1,40000,0.1,655
2,1,40000,0.1,687
2,1,40000,0.1,321
2,1,40000,0.1,656
2,1,40000,0.1,727
2,1,40000,0.1,585
2,1,40000,0.1,311
2,1,40000,0.1,420
2,1,40000,0.1,363
2,1,40000,0.1,404
2,1,40000,0.1,600
2,1,40000,0.1,468
2,1,40000,0.1,615
2,1,40000,0.1,515
2,1,40000,0.1,848
2,1,40000,0.1,648
2,1,40000,0.1,494
2,1,40000,0.1,531
2,1,40000,0.1,444
2,1,40000,0.1,289
2,1,40000,0.1,476
2,1,40000,0.1,663
2,1,40000,0.1,473
2,1,40000,0.1,546
2,1,40000,0.1,575
2,1,40000,0.1,474
2,1,40000,0.1,635
2,1,40000,0.1,470
2,1,40000,0.1,171
2,1,40000,0.1,402
2,1,40000,0.1,324
2,1,40000,0.1,244
2,1,40000,0.1,436
2,1,40000,0.1,349
2,1,40000,0.1,1015
2,1,40000,0.1,641
2,1,40000,0.1,212
2,1,40000,0.1,616
2,1,40000,0.1,364
2,1,40000,0.1,796
2,1,40000,0.1,745
2,1,40000,0.1,844
2,1,40000,0.1,331
2,1,40000,0.1,992
2,1,40000,0.1,623
2,1,40000,0.1,283
2,1,40000,0.1,451
2,1,40000,0.2,945
2,1,40000,0.2,423
2,1,40000,0.2,795
2,1,40000,0.2,937
2,1,40000,0.2,510
2,1,40000,0.2,613
2,1,40000,0.2,930
2,1,40000,0.2,1276
2,1,40000,0.2,377
2,1,40000,0.2,366
2,1,40000,0.2,467
2,1,40000,0.2,737
2,1,40000,0.2,884
2,1,40000,0.2,652
2,1,40000,0.2,825
2,1,40000,0.2,865
2,1,40000,0.2,556
2,1,40000,0.2,568
2,1,40000,0.2,410
2,1,40000,0.2,257
2,1,40000,0.2,565
2,1,40000,0.2,417
2,1,40000,0.2,661
2,1,40000,0.2,704
2,1,40000,0.2,344
2,1,40000,0.2,616
2,1,40000,0.2,680
2,1,40000,0.2,594
2,1,40000,0.2,507
2,1,40000,0.2,554
2,1,40000,0.2,338
2,1,40000,0.2,788
2,1,40000,0.2,488
2,1,40000,0.2,362
2,1,40000,0.2,391
2,1,40000,0.2,536
2,1,40000,0.2,494
2,1,40000,0.2,378
2,1,40000,0.2,840
2,1,40000,0.2,592
2,1,40000,0.2,473
2,1,40000,0.2,582
2,1,40000,0.2,681
2,1,40000,0.2,579
2,1,40000,0.2,309
2,1,40000,0.2,882
2,1,40000,0.2,609
2,1,40000,0.2,214
2,1,40000,0.2,599
2,1,40000,0.2,543
2,1,40000,0.2,473
2,1,40000,0.2,531
2,1,40000,0.2,855
2,1,40000,0.2,590
2,1,40000,0.2,595
2,1,40000,0.2,590
2,1,40000,0.2,816
2,1,40000,0.2,917
2,1,40000,0.2,966
2,1,40000,0.2,1168
2,1,40000,0.2,739
2,1,40000,0.2,516
2,1,40000,0.2,501
2,1,40000,0.2,392
2,1,40000,0.2,543
2,1,40000,0.2,429
2,1,40000,0.2,724
2,1,40000,0.2,803
2,1,40000,0.2,620
2,1,40000,0.2,462
2,1,40000,0.2,748
2,1,40000,0.2,1002
2,1,40000,0.2,405
2,1,40000,0.2,564
2,1,40000,0.2,625
2,1,40000,0.2,632
2,1,40000,0.2,398
2,1,40000,0.2,430
2,1,40000,0.2,873
2,1,40000,0.2,670
2,1,40000,0.2,610
2,1,40000,0.2,761
2,1,40000,0.2,521
2,1,40000,0.2,595
2,1,40000,0.2,917
2,1,40000,0.2,345
2,1,40000,0.2,265
2,1,40000,0.2,491
2,1,40000,0.2,363
2,1,40000,0.2,574
2,1,40000,0.2,959
2,1,40000,0.2,753
2,1,40000,0.2,510
2,1,40000,0.2,456
2,1,40000,0.2,602
2,1,40000,0.2,1188
2,1,40000,0.2,751
2,1,40000,0.2,530
2,1,40000,0.2,352
2,1,40000,0.2,864
2,1,40000,0.3,184
2,1,40000,0.3,997
2,1,40000,0.3,487
2,1,40000,0.3,801
2,1,40000,0.3,426
2,1,40000,0.3,725
2,1,40000,0.3,824
2,1,40000,0.3,816
2,1,40000,0.3,789
2,1,40000,0.3,535
2,1,40000,0.3,250
2,1,40000,0.3,624
2,1,40000,0.3,198
2,1,40000,0.3,781
2,1,40000,0.3,608
2,1,40000,0.3,715
2,1,40000,0.3,715
2,1,40000,0.3,1112
2,1,40000,0.3,677
2,1,40000,0.3,961
2,1,40000,0.3,578
2,1,40000,0.3,487
2,1,40000,0.3,818
2,1,40000,0.3,509
2,1,40000,0.3,894
2,1,40000,0.3,799
2,1,40000,0.3,1183
2,1,40000,0.3,1126
2,1,40000,0.3,894
2,1,40000,0.3,426
2,1,40000,0.3,500
2,1,40000,0.3,373
2,1,40000,0.3,762
2,1,40000,0.3,585
2,1,40000,0.3,685
2,1,40000,0.3,642
2,1,40000,0.3,1200
2,1,40000,0.3,558
2,1,40000,0.3,1149
2,1,40000,0.3,827
2,1,40000,0.3,227
2,1,40000,0.3,535
2,1,40000,0.3,1054
2,1,40000,0.3,539
2,1,40000,0.3,653
2,1,40000,0.3,507
2,1,40000,0.3,316
2,1,40000,0.3,819
2,1,40000,0.3,821
2,1,40000,0.3,293
2,1,40000,0.3,1286
2,1,40000,0.3,494
2,1,40000,0.3,407
2,1,40000,0.3,514
2,1,40000,0.3,358
2,1,40000,0.3,221
2,1,40000,0.3,552
2,1,40000,0.3,706
2,1,40000,0.3,552
2,1,40000,0.3,865
2,1,40000,0.3,745
2,1,40000,0.3,192
2,1,40000,0.3,639
2,1,40000,0.3,510
2,1,40000,0.3,649
2,1,40000,0.3,605
2,1,40000,0.3,836
2,1,40000,0.3,754
2,1,40000,0.3,691
2,1,40000,0.3,938
2,1,40000,0.3,563
2,1,40000,0.3,653
2,1,40000,0.3,661
2,1,40000,0.3,738
2,1,40000,0.3,531
2,1,40000,0.3,397
2,1,40000,0.3,948
2,1,40000,0.3,1124
2,1,40000,0.3,1157
2,1,40000,0.3,656
2,1,40000,0.3,632
2,1,40000,0.3,1112
2,1,40000,0.3,837
2,1,40000,0.3,482
2,1,40000,0.3,947
2,1,40000,0.3,607
2,1,40000,0.3,802
2,1,40000,0.3,818
2,1,40000,0.3,458
2,1,40000,0.3,87
2,1,40000,0.3,330
2,1,40000,0.3,1030
2,1,40000,0.3,1039
2,1,40000,0.3,704
2,1,40000,0.3,1040
2,1,40000,0.3,244
2,1,40000,0.3,897
2,1,40000,0.3,732
2,1,40000,0.3,864
2,1,40000,0.3,720
2,1,40000,0.4,977
2,1,40000,0.4,543
2,1,40000,0.4,669
2,1,40000,0.4,841
2,1,40000,0.4,966
2,1,40000,0.4,236
2,1,40000,0.4,617
2,1,40000,0.4,793
2,1,40000,0.4,678
2,1,40000,0.4,547
2,1,40000,0.4,835
2,1,40000,0.4,477
2,1,40000,0.4,827
2,1,40000,0.4,814
2,1,40000,0.4,545
2,1,40000,0.4,309
2,1,40000,0.4,461
2,1,40000,0.4,856
2,1,40000,0.4,1520
2,1,40000,0.4,872
2,1,40000,0.4,933
2,1,40000,0.4,928
2,1,40000,0.4,737
2,1,40000,0.4,969
2,1,40000,0.4,578
2,1,40000,0.4,881
2,1,40000,0.4,466
2,1,40000,0.4,507
2,1,40000,0.4,1043
2,1,40000,0.4,436
2,1,40000,0.4,586
2,1,40000,0.4,694
2,1,40000,0.4,536
2,1,40000,0.4,887
2,1,40000,0.4,711
2,1,40000,0.4,541
2,1,40000,0.4,289
2,1,40000,0.4,654
2,1,40000,0.4,959
2,1,40000,0.4,978
2,1,40000,0.4,1319
2,1,40000,0.4,484
2,1,40000,0.4,859
2,1,40000,0.4,654
2,1,40000,0.4,438
2,1,40000,0.4,684
2,1,40000,0.4,621
2,1,40000,0.4,1149
2,1,40000,0.4,412
2,1,40000,0.4,654
2,1,40000,0.4,886
2,1,40000,0.4,1030
2,1,40000,0.4,1129
2,1,40000,0.4,1103
2,1,40000,0.4,562
2,1,40000,0.4,665
2,1,40000,0.4,688
2,1,40000,0.4,1154
2,1,40000,0.4,429
2,1,40000,0.4,976
2,1,40000,0.4,529
2,1,40000,0.4,381
2,1,40000,0.4,1311
2,1,40000,0.4,672
2,1,40000,0.4,874
2,1,40000,0.4,762
2,1,40000,0.4,961
2,1,40000,0.4,713
2,1,40000,0.4,642
2,1,40000,0.4,669
2,1,40000,0.4,333
2,1,40000,0.4,248
2,1,40000,0.4,631
2,1,40000,0.4,527
2,1,40000,0.4,1108
2,1,40000,0.4,1115
2,1,40000,0.4,382
2,1,40000,0.4,302
2,1,40000,0.4,677
2,1,40000,0.4,660
2,1,40000,0.4,379
2,1,40000,0.4,701
2,1,40000,0.4,717
2,1,40000,0.4,407
2,1,40000,0.4,636
2,1,40000,0.4,1026
2,1,40000,0.4,438
2,1,40000,0.4,894
2,1,40000,0.4,1115
2,1,40000,0.4,917
2,1,40000,0.4,382
2,1,40000,0.4,557
2,1,40000,0.4,703
2,1,40000,0.4,821
2,1,40000,0.4,1123
2,1,40000,0.4,393
2,1,40000,0.4,1035
2,1,40000,0.4,1046
2,1,40000,0.4,811
2,1,40000,0.4,427
2,1,40000,0.5,936
2,1,40000,0.5,474
2,1,40000,0.5,678
2,1,40000,0.5,877
2,1,40000,0.5,584
2,1,40000,0.5,779
2,1,40000,0.5,156
2,1,40000,0.5,945
2,1,40000,0.5,1106
2,1,40000,0.5,451
2,1,40000,0.5,947
2,1,40000,0.5,787
2,1,40000,0.5,660
2,1,40000,0.5,833
2,1,40000,0.5,586
2,1,40000,0.5,921
2,1,40000,0.5,1127
2,1,40000,0.5,488
2,1,40000,0.5,776
2,1,40000,0.5,1085
2,1,40000,0.5,852
2,1,40000,0.5,385
2,1,40000,0.5,421
2,1,40000,0.5,880
2,1,40000,0.5,857
2,1,40000,0.5,759
2,1,40000,0.5,1020
2,1,40000,0.5,406
2,1,40000,0.5,82
2,1,40000,0.5,755
2,1,40000,0.5,291
2,1,40000,0.5,650
2,1,40000,0.5,1147
2,1,40000,0.5,97
2,1,40000,0.5,476
2,1,40000,0.5,682
2,1,40000,0.5,580
2,1,40000,0.5,521
2,1,40000,0.5,725
2,1,40000,0.5,491
2,1,40000,0.5,866
2,1,40000,0.5,502
2,1,40000,0.5,916
2,1,40000,0.5,1008
2,1,40000,0.5,467
2,1,40000,0.5,1010
2,1,40000,0.5,954
2,1,40000,0.5,891
2,1,40000,0.5,639
2,1,40000,0.5,690
2,1,40000,0.5,584
2,1,40000,0.5,768
2,1,40000,0.5,862
2,1,40000,0.5,444
2,1,40000,0.5,318
2,1,40000,0.5,469
2,1,40000,0.5,877
2,1,40000,0.5,594
2,1,40000,0.5,533
2,1,40000,0.5,795
2,1,40000,0.5,547
2,1,40000,0.5,1012
2,1,40000,0.5,872
2,1,40000,0.5,426
2,1,40000,0.5,476
2,1,40000,0.5,997
2,1,40000,0.5,924
2,1,40000,0.5,1042
2,1,40000,0.5,815
2,1,40000,0.5,509
2,1,40000,0.5,495
2,1,40000,0.5,837
2,1,40000,0.5,462
2,1,40000,0.5,574
2,1,40000,0.5,383
2,1,40000,0.5,482
2,1,40000,0.5,927
2,1,40000,0.5,913
2,1,40000,0.5,567
2,1,40000,0.5,465
2,1,40000,0.5,327
2,1,40000,0.5,678
2,1,40000,0.5,524
2,1,40000,0.5,395
2,1,40000,0.5,941
2,1,40000,0.5,338
2,1,40000,0.5,642
2,1,40000,0.5,757
2,1,40000,0.5,668
2,1,40000,0.5,533
2,1,40000,0.5,301
2,1,40000,0.5,616
2,1,40000,0.5,419
2,1,40000,0.5,752
2,1,40000,0.5,1016
2,1,40000,0.5,532
2,1,40000,0.5,651
2,1,40000,0.5,615
2,1,40000,0.5,501
2,1,40000,0.5,403
2,1,45000,0.1,880
2,1,45000,0.1,517
2,1,45000,0.1,516
2,1,45000,0.1,494
2,1,45000,0.1,1264
2,1,45000,0.1,1096
2,1,45000,0.1,535
2,1,45000,0.1,501
2,1,45000,0.1,419
2,1,45000,0.1,495
2,1,45000,0.1,591
2,1,45000,0.1,1088
2,1,45000,0.1,715
2,1,45000,0.1,882
2,1,45000,0.1,397
2,1,45000,0.1,428
2,1,45000,0.1,387
2,1,45000,0.1,343
2,1,45000,0.1,397
2,1,45000,0.1,288
2,1,45000,0.1,372
2,1,45000,0.1,598
2,1,45000,0.1,729
2,1,45000,0.1,854
2,1,45000,0.1,633
2,1,45000,0.1,544
2,1,45000,0.1,827
2,1,45000,0.1,732
2,1,45000,0.1,347
2,1,45000,0.1,437
2,1,45000,0.1,465
2,1,45000,0.1,559
2,1,45000,0.1,244
2,1,45000,0.1,379
2,1,45000,0.1,346
2,1,45000,0.1,388
2,1,45000,0.1,526
2,1,45000,0.1,461
2,1,45000,0.1,471
2,1,45000,0.1,386
2,1,45000,0.1,392
2,1,45000,0.1,542
2,1,45000,0.1,693
2,1,45000,0.1,795
2,1,45000,0.1,479
2,1,45000,0.1,728
2,1,45000,0.1,581
2,1,45000,0.1,932
2,1,45000,0.1,734
2,1,45000,0.1,672
2,1,45000,0.1,356
2,1,45000,0.1,571
2,1,45000,0.1,322
2,1,45000,0.1,609
2,1,45000,0.1,607
2,1,45000,0.1,696
2,1,45000,0.1,983
2,1,45000,0.1,646
2,1,45000,0.1,1104
2,1,45000,0.1,896
2,1,45000,0.1,747
2,1,45000,0.1,728
2,1,45000,0.1,428
2,1,45000,0.1,598
2,1,45000,0.1,646
2,1,45000,0.1,898
2,1,45000,0.1,485
2,1,45000,0.1,602
2,1,45000,0.1,311
2,1,45000,0.1,380
2,1,45000,0.1,468
2,1,45000,0.1,565
2,1,45000,0.1,519
2,1,45000,0.1,966
2,1,45000,0.1,591
2,1,45000,0.1,647
2,1,45000,0.1,570
2,1,45000,0.1,548
2,1,45000,0.1,695
2,1,45000,0.1,688
2,1,45000,0.1,322
2,1,45000,0.1,787
2,1,45000,0.1,310
2,1,45000,0.1,299
2,1,45000,0.1,605
2,1,45000,0.1,749
2,1,45000,0.1,399
2,1,45000,0.1,229
2,1,45000,0.1,985
2,1,45000,0.1,561
2,1,45000,0.1,314
2,1,45000,0.1,886
2,1,45000,0.1,502
2,1,45000,0.1,241
2,1,45000,0.1,936
2,1,45000,0.1,646
2,1,45000,0.1,455
2,1,45000,0.1,406
2,1,45000,0.1,537
2,1,45000,0.1,415
2,1,45000,0.2,566
2,1,45000,0.2,247
2,1,45000,0.2,793
2,1,45000,0.2,423
2,1,45000,0.2,668
2,1,45000,0.2,721
2,1,45000,0.2,507
2,1,45000,0.2,459
2,1,45000,0.2,455
2,1,45000,0.2,756
2,1,45000,0.2,563
2,1,45000,0.2,722
2,1,45000,0.2,324
2,1,45000,0.2,516
2,1,45000,0.2,424
2,1,45000,0.2,502
2,1,45000,0.2,816
2,1,45000,0.2,878
2,1,45000,0.2,1081
2,1,45000,0.2,366
2,1,45000,0.2,653
2,1,45000,0.2,607
2,1,45000,0.2,565
2,1,45000,0.2,531
2,1,45000,0.2,221
2,1,45000,0.2,486
2,1,45000,0.2,457
2,1,45000,0.2,912
2,1,45000,0.2,1062
2,1,45000,0.2,557
2,1,45000,0.2,458
2,1,45000,0.2,556
2,1,45000,0.2,521
2,1,45000,0.2,879
2,1,45000,0.2,750
2,1,45000,0.2,927
2,1,45000,0.2,1099
2,1,45000,0.2,542
2,1,45000,0.2,868
2,1,45000,0.2,949
2,1,45000,0.2,446
2,1,45000,0.2,470
2,1,45000,0.2,1003
2,1,45000,0.2,781
2,1,45000,0.2,900
2,1,45000,0.2,269
2,1,45000,0.2,545
2,1,45000,0.2,426
2,1,45000,0.2,758
2,1,45000,0.2,1068
2,1,45000,0.2,984
2,1,45000,0.2,774
2,1,45000,0.2,302
2,1,45000,0.2,1167
2,1,45000,0.2,659
2,1,45000,0.2,546
2,1,45000,0.2,345
2,1,45000,0.2,868
2,1,45000,0.2,681
2,1,45000,0.2,356
2,1,45000,0.2,492
2,1,45000,0.2,1492
2,1,45000,0.2,993
2,1,45000,0.2,502
2,1,45000,0.2,971
2,1,45000,0.2,736
2,1,45000,0.2,805
2,1,45000,0.2,595
2,1,45000,0.2,424
2,1,45000,0.2,713
2,1,45000,0.2,979
2,1,45000,0.2,941
2,1,45000,0.2,852
2,1,45000,0.2,641
2,1,45000,0.2,301
2,1,45000,0.2,261
2,1,45000,0.2,1168
2,1,45000,0.2,717
2,1,45000,0.2,837
2,1,45000,0.2,416
2,1,45000,0.2,256
2,1,45000,0.2,1058
2,1,45000,0.2,839
2,1,45000,0.2,789
2,1,45000,0.2,1416
2,1,45000,0.2,496
2,1,45000,0.2,827
2,1,45000,0.2,396
2,1,45000,0.2,766
2,1,45000,0.2,485
2,1,45000,0.2,779
2,1,45000,0.2,564
2,1,45000,0.2,459
2,1,45000,0.2,788
2,1,45000,0.2,546
2,1,45000,0.2,350
2,1,45000,0.2,809
2,1,45000,0.2,345
2,1,45000,0.2,360
2,1,45000,0.2,715
2,1,45000,0.3,336
2,1,45000,0.3,1039
2,1,45000,0.3,754
2,1,45000,0.3,696
2,1,45000,0.3,785
2,1,45000,0.3,750
2,1,45000,0.3,781
2,1,45000,0.3,745
2,1,45000,0.3,469
2,1,45000,0.3,322
2,1,45000,0.3,880
2,1,45000,0.3,611
2,1,45000,0.3,655
2,1,45000,0.3,472
2,1,45000,0.3,675
2,1,45000,0.3,386
2,1,45000,0.3,391
2,1,45000,0.3,454
2,1,45000,0.3,701
2,1,45000,0.3,905
2,1,45000,0.3,990
2,1,45000,0.3,413
2,1,45000,0.3,576
2,1,45000,0.3,655
2,1,45000,0.3,586
2,1,45000,0.3,559
2,1,45000,0.3,768
2,1,45000,0.3,756
2,1,45000,0.3,703
2,1,45000,0.3,900
2,1,45000,0.3,712
2,1,45000,0.3,565
2,1,45000,0.3,523
2,1,45000,0.3,789
2,1,45000,0.3,250
2,1,45000,0.3,766
2,1,45000,0.3,1065
2,1,45000,0.3,863
2,1,45000,0.3,522
2,1,45000,0.3,487
2,1,45000,0.3,290
2,1,45000,0.3,942
2,1,45000,0.3,862
2,1,45000,0.3,1365
2,1,45000,0.3,1085
2,1,45000,0.3,583
2,1,45000,0.3,974
2,1,45000,0.3,1180
2,1,45000,0.3,453
2,1,45000,0.3,1055
2,1,45000,0.3,603
2,1,45000,0.3,1002
2,1,45000,0.3,955
2,1,45000,0.3,716
2,1,45000,0.3,939
2,1,45000,0.3,1151
2,1,45000,0.3,732
2,1,45000,0.3,680
2,1,45000,0.3,570
2,1,45000,0.3,799
2,1,45000,0.3,900
2,1,45000,0.3,775
2,1,45000,0.3,686
2,1,45000,0.3,362
2,1,45000,0.3,810
2,1,45000,0.3,306
2,1,45000,0.3,565
2,1,45000,0.3,367
2,1,45000,0.3,317
2,1,45000,0.3,675
2,1,45000,0.3,588
2,1,45000,0.3,160
2,1,45000,0.3,444
2,1,45000,0.3,616
2,1,45000,0.3,791
2,1,45000,0.3,595
2,1,45000,0.3,559
2,1,45000,0.3,1134
2,1,45000,0.3,393
2,1,45000,0.3,1029
2,1,45000,0.3,961
2,1,45000,0.3,706
2,1,45000,0.3,361
2,1,45000,0.3,444
2,1,45000,0.3,1063
2,1,45000,0.3,346
2,1,45000,0.3,866
2,1,45000,0.3,684
2,1,45000,0.3,550
2,1,45000,0.3,301
2,1,45000,0.3,850
2,1,45000,0.3,842
2,1,45000,0.3,500
2,1,45000,0.3,536
2,1,45000,0.3,739
2,1,45000,0.3,674
2,1,45000,0.3,576
2,1,45000,0.3,1094
2,1,45000,0.3,815
2,1,45000,0.3,845
2,1,45000,0.4,1000
2,1,45000,0.4,606
2,1,45000,0.4,430
2,1,45000,0.4,759
2,1,45000,0.4,1588
2,1,45000,0.4,300
2,1,45000,0.4,561
2,1,45000,0.4,1046
2,1,45000,0.4,557
2,1,45000,0.4,467
2,1,45000,0.4,540
2,1,45000,0.4,920
2,1,45000,0.4,890
2,1,45000,0.4,343
2,1,45000,0.4,1148
2,1,45000,0.4,1210
2,1,45000,0.4,1030
2,1,45000,0.4,820
2,1,45000,0.4,988
2,1,45000,0.4,448
2,1,45000,0.4,833
2,1,45000,0.4,1215
2,1,45000,0.4,740
2,1,45000,0.4,776
2,1,45000,0.4,582
2,1,45000,0.4,897
2,1,45000,0.4,1007
2,1,45000,0.4,1046
2,1,45000,0.4,807
2,1,45000,0.4,303
2,1,45000,0.4,556
2,1,45000,0.4,1323
2,1,45000,0.4,1010
2,1,45000,0.4,716
2,1,45000,0.4,987
2,1,45000,0.4,1028
2,1,45000,0.4,738
2,1,45000,0.4,647
2,1,45000,0.4,778
2,1,45000,0.4,905
2,1,45000,0.4,1386
2,1,45000,0.4,442
2,1,45000,0.4,592
2,1,45000,0.4,529
2,1,45000,0.4,618
2,1,45000,0.4,1032
2,1,45000,0.4,357
2,1,45000,0.4,432
2,1,45000,0.4,1003
2,1,45000,0.4,962
2,1,45000,0.4,771
2,1,45000,0.4,1154
2,1,45000,0.4,604
2,1,45000,0.4,479
2,1,45000,0.4,1166
2,1,45000,0.4,705
2,1,45000,0.4,720
2,1,45000,0.4,787
2,1,45000,0.4,871
2,1,45000,0.4,583
2,1,45000,0.4,576
2,1,45000,0.4,1087
2,1,45000,0.4,561
2,1,45000,0.4,1008
2,1,45000,0.4,818
2,1,45000,0.4,1325
2,1,45000,0.4,862
2,1,45000,0.4,571
2,1,45000,0.4,662
2,1,45000,0.4,723
2,1,45000,0.4,874
2,1,45000,0.4,736
2,1,45000,0.4,816
2,1,45000,0.4,1197
2,1,45000,0.4,608
2,1,45000,0.4,258
2,1,45000,0.4,640
2,1,45000,0.4,1498
2,1,45000,0.4,345
2,1,45000,0.4,668
2,1,45000,0.4,726
2,1,45000,0.4,697
2,1,45000,0.4,878
2,1,45000,0.4,644
2,1,45000,0.4,253
2,1,45000,0.4,976
2,1,45000,0.4,972
2,1,45000,0.4,374
2,1,45000,0.4,622
2,1,45000,0.4,1209
2,1,45000,0.4,546
2,1,45000,0.4,552
2,1,45000,0.4,1307
2,1,45000,0.4,507
2,1,45000,0.4,367
2,1,45000,0.4,817
2,1,45000,0.4,773
2,1,45000,0.4,915
2,1,45000,0.4,628
2,1,45000,0.4,1077
2,1,45000,0.5,1027
2,1,45000,0.5,1189
2,1,45000,0.5,746
2,1,45000,0.5,600
2,1,45000,0.5,860
2,1,45000,0.5,580
2,1,45000,0.5,702
2,1,45000,0.5,176
2,1,45000,0.5,751
2,1,45000,0.5,570
2,1,45000,0.5,878
2,1,45000,0.5,523
2,1,45000,0.5,634
2,1,45000,0.5,582
2,1,45000,0.5,902
2,1,45000,0.5,817
2,1,45000,0.5,603
2,1,45000,0.5,635
2,1,45000,0.5,355
2,1,45000,0.5,578
2,1,45000,0.5,796
2,1,45000,0.5,1083
2,1,45000,0.5,841
2,1,45000,0.5,781
2,1,45000,0.5,744
2,1,45000,0.5,797
2,1,45000,0.5,494
2,1,45000,0.5,784
2,1,45000,0.5,199
2,1,45000,0.5,1081
2,1,45000,0.5,1370
2,1,45000,0.5,1137
2,1,45000,0.5,759
2,1,45000,0.5,717
2,1,45000,0.5,234
2,1,45000,0.5,653
2,1,45000,0.5,1148
2,1,45000,0.5,627
2,1,45000,0.5,860
2,1,45000,0.5,723
2,1,45000,0.5,1039
2,1,45000,0.5,1341
2,1,45000,0.5,679
2,1,45000,0.5,1174
2,1,45000,0.5,564
2,1,45000,0.5,568
2,1,45000,0.5,435
2,1,45000,0.5,1073
2,1,45000,0.5,732
2,1,45000,0.5,566
2,1,45000,0.5,550
2,1,45000,0.5,345
2,1,45000,0.5,353
2,1,45000,0.5,648
2,1,45000,0.5,339
2,1,45000,0.5,832
2,1,45000,0.5,869
2,1,45000,0.5,715
2,1,45000,0.5,904
2,1,45000,0.5,688
2,1,45000,0.5,436
2,1,45000,0.5,625
2,1,45000,0.5,710
2,1,45000,0.5,776
2,1,45000,0.5,1048
2,1,45000,0.5,379
2,1,45000,0.5,331
2,1,45000,0.5,436
2,1,45000,0.5,506
2,1,45000,0.5,794
2,1,45000,0.5,593
2,1,45000,0.5,996
2,1,45000,0.5,1369
2,1,45000,0.5,696
2,1,45000,0.5,922
2,1,45000,0.5,843
2,1,45000,0.5,508
2,1,45000,0.5,1325
2,1,45000,0.5,865
2,1,45000,0.5,733
2,1,45000,0.5,555
2,1,45000,0.5,579
2,1,45000,0.5,392
2,1,45000,0.5,1039
2,1,45000,0.5,516
2,1,45000,0.5,840
2,1,45000,0.5,1011
2,1,45000,0.5,643
2,1,45000,0.5,1054
2,1,45000,0.5,434
2,1,45000,0.5,1131
2,1,45000,0.5,901
2,1,45000,0.5,567
2,1,45000,0.5,866
2,1,45000,0.5,1025
2,1,45000,0.5,754
2,1,45000,0.5,55
2,1,45000,0.5,184
2,1,45000,0.5,1229
2,1,45000,0.5,906
2,1,50000,0.1,562
2,1,50000,0.1,255
2,1,50000,0.1,546
2,1,50000,0.1,310
2,1,50000,0.1,470
2,1,50000,0.1,767
2,1,50000,0.1,358
2,1,50000,0.1,551
2,1,50000,0.1,485
2,1,50000,0.1,702
2,1,50000,0.1,493
2,1,50000,0.1,833
2,1,50000,0.1,618
2,1,50000,0.1,467
2,1,50000,0.1,1056
2,1,50000,0.1,1077
2,1,50000,0.1,387
2,1,50000,0.1,779
2,1,50000,0.1,325
2,1,50000,0.1,865
2,1,50000,0.1,1176
2,1,50000,0.1,505
2,1,50000,0.1,340
2,1,50000,0.1,731
2,1,50000,0.1,563
2,1,50000,0.1,575
2,1,50000,0.1,677
2,1,50000,0.1,400
2,1,50000,0.1,386
2,1,50000,0.1,340
2,1,50000,0.1,1024
2,1,50000,0.1,447
2,1,50000,0.1,587
2,1,50000,0.1,389
2,1,50000,0.1,1004
2,1,50000,0.1,533
2,1,50000,0.1,562
2,1,50000,0.1,691
2,1,50000,0.1,492
2,1,50000,0.1,944
2,1,50000,0.1,638
2,1,50000,0.1,788
2,1,50000,0.1,587
2,1,50000,0.1,641
2,1,50000,0.1,593
2,1,50000,0.1,1029
2,1,50000,0.1,332
2,1,50000,0.1,625
2,1,50000,0.1,627
2,1,50000,0.1,378
2,1,50000,0.1,710
2,1,50000,0.1,566
2,1,50000,0.1,299
2,1,50000,0.1,537
2,1,50000,0.1,936
2,1,50000,0.1,684
2,1,50000,0.1,413
2,1,50000,0.1,531
2,1,50000,0.1,359
2,1,50000,0.1,442
2,1,50000,0.1,525
2,1,50000,0.1,1086
2,1,50000,0.1,262
2,1,50000,0.1,735
2,1,50000,0.1,286
2,1,50000,0.1,641
2,1,50000,0.1,950
2,1,50000,0.1,780
2,1,50000,0.1,832
2,1,50000,0.1,843
2,1,50000,0.1,779
2,1,50000,0.1,988
2,1,50000,0.1,518
2,1,50000,0.1,590
2,1,50000,0.1,766
2,1,50000,0.1,615
2,1,50000,0.1,610
2,1,50000,0.1,447
2,1,50000,0.1,676
2,1,50000,0.1,872
2,1,50000,0.1,544
2,1,50000,0.1,520
2,1,50000,0.1,580
2,1,50000,0.1,748
2,1,50000,0.1,595
2,1,50000,0.1,772
2,1,50000,0.1,579
2,1,50000,0.1,1009
2,1,50000,0.1,242
2,1,50000,0.1,545
2,1,50000,0.1,426
2,1,50000,0.1,304
2,1,50000,0.1,384
2,1,50000,0.1,221
2,1,50000,0.1,436
2,1,50000,0.1,484
2,1,50000,0.1,1198
2,1,50000,0.1,702
2,1,50000,0.1,775
2,1,50000,0.1,825
2,1,50000,0.2,700
2,1,50000,0.2,586
2,1,50000,0.2,675
2,1,50000,0.2,285
2,1,50000,0.2,192
2,1,50000,0.2,888
2,1,50000,0.2,439
2,1,50000,0.2,870
2,1,50000,0.2,919
2,1,50000,0.2,940
2,1,50000,0.2,1021
2,1,50000,0.2,262
2,1,50000,0.2,495
2,1,50000,0.2,924
2,1,50000,0.2,800
2,1,50000,0.2,245
2,1,50000,0.2,858
2,1,50000,0.2,300
2,1,50000,0.2,418
2,1,50000,0.2,838
2,1,50000,0.2,776
2,1,50000,0.2,644
2,1,50000,0.2,698
2,1,50000,0.2,636
2,1,50000,0.2,528
2,1,50000,0.2,1046
2,1,50000,0.2,499
2,1,50000,0.2,930
2,1,50000,0.2,584
2,1,50000,0.2,534
2,1,50000,0.2,269
2,1,50000,0.2,984
2,1,50000,0.2,1077
2,1,50000,0.2,421
2,1,50000,0.2,770
2,1,50000,0.2,979
2,1,50000,0.2,1054
2,1,50000,0.2,351
2,1,50000,0.2,1094
2,1,50000,0.2,714
2,1,50000,0.2,332
2,1,50000,0.2,436
2,1,50000,0.2,78
2,1,50000,0.2,621
2,1,50000,0.2,564
2,1,50000,0.2,970
2,1,50000,0.2,864
2,1,50000,0.2,720
2,1,50000,0.2,447
2,1,50000,0.2,327
2,1,50000,0.2,224
2,1,50000,0.2,643
2,1,50000,0.2,932
2,1,50000,0.2,962
2,1,50000,0.2,535
2,1,50000,0.2,397
2,1,50000,0.2,1131
2,1,50000,0.2,935
2,1,50000,0.2,805
2,1,50000,0.2,653
2,1,50000,0.2,968
2,1,50000,0.2,851
2,1,50000,0.2,941
2,1,50000,0.2,1043
2,1,50000,0.2,577
2,1,50000,0.2,414
2,1,50000,0.2,895
2,1,50000,0.2,1383
2,1,50000,0.2,745
2,1,50000,0.2,833
2,1,50000,0.2,151
2,1,50000,0.2,921
2,1,50000,0.2,451
2,1,50000,0.2,1025
2,1,50000,0.2,1042
2,1,50000,0.2,421
2,1,50000,0.2,1036
2,1,50000,0.2,690
2,1,50000,0.2,935
2,1,50000,0.2,726
2,1,50000,0.2,780
2,1,50000,0.2,295
2,1,50000,0.2,568
2,1,50000,0.2,423
2,1,50000,0.2,609
2,1,50000,0.2,632
2,1,50000,0.2,92
2,1,50000,0.2,1170
2,1,50000,0.2,589
2,1,50000,0.2,1104
2,1,50000,0.2,890
2,1,50000,0.2,750
2,1,50000,0.2,653
2,1,50000,0.2,449
2,1,50000,0.2,518
2,1,50000,0.2,1172
2,1,50000,0.2,1367
2,1,50000,0.2,842
2,1,50000,0.2,689
2,1,50000,0.2,919
2,1,50000,0.3,406
2,1,50000,0.3,812
2,1,50000,0.3,562
2,1,50000,0.3,617
2,1,50000,0.3,527
2,1,50000,0.3,697
2,1,50000,0.3,893
2,1,50000,0.3,314
2,1,50000,0.3,791
2,1,50000,0.3,840
2,1,50000,0.3,1098
2,1,50000,0.3,1149
2,1,50000,0.3,684
2,1,50000,0.3,630
2,1,50000,0.3,949
2,1,50000,0.3,686
2,1,50000,0.3,278
2,1,50000,0.3,733
2,1,50000,0.3,438
2,1,50000,0.3,194
2,1,50000,0.3,1153
2,1,50000,0.3,1121
2,1,50000,0.3,199
2,1,50000,0.3,605
2,1,50000,0.3,1089
2,1,50000,0.3,389
2,1,50000,0.3,330
2,1,50000,0.3,636
2,1,50000,0.3,569
2,1,50000,0.3,540
2,1,50000,0.3,713
2,1,50000,0.3,920
2,1,50000,0.3,1052
2,1,50000,0.3,862
2,1,50000,0.3,774
2,1,50000,0.3,1085
2,1,50000,0.3,820
2,1,50000,0.3,722
2,1,50000,0.3,450
2,1,50000,0.3,904
2,1,50000,0.3,751
2,1,50000,0.3,725
2,1,50000,0.3,1168
2,1,50000,0.3,758
2,1,50000,0.3,809
2,1,50000,0.3,799
2,1,50000,0.3,719
2,1,50000,0.3,997
2,1,50000,0.3,502
2,1,50000,0.3,468
2,1,50000,0.3,696
2,1,50000,0.3,777
2,1,50000,0.3,491
2,1,50000,0.3,431
2,1,50000,0.3,618
2,1,50000,0.3,662
2,1,50000,0.3,877
2,1,50000,0.3,665
2,1,50000,0.3,1073
2,1,50000,0.3,186
2,1,50000,0.3,730
2,1,50000,0.3,493
2,1,50000,0.3,548
2,1,50000,0.3,572
2,1,50000,0.3,1027
2,1,50000,0.3,864
2,1,50000,0.3,747
2,1,50000,0.3,848
2,1,50000,0.3,736
2,1,50000,0.3,951
2,1,50000,0.3,652
2,1,50000,0.3,702
2,1,50000,0.3,353
2,1,50000,0.3,816
2,1,50000,0.3,605
2,1,50000,0.3,1265
2,1,50000,0.3,867
2,1,50000,0.3,1123
2,1,50000,0.3,561
2,1,50000,0.3,451
2,1,50000,0.3,959
2,1,50000,0.3,693
2,1,50000,0.3,538
2,1,50000,0.3,790
2,1,50000,0.3,655
2,1,50000,0.3,1594
2,1,50000,0.3,1153
2,1,50000,0.3,502
2,1,50000,0.3,792
2,1,50000,0.3,708
2,1,50000,0.3,1029
2,1,50000,0.3,551
2,1,50000,0.3,441
2,1,50000,0.3,863
2,1,50000,0.3,837
2,1,50000,0.3,1034
2,1,50000,0.3,428
2,1,50000,0.3,160
2,1,50000,0.3,866
2,1,50000,0.3,898
2,1,50000,0.4,579
2,1,50000,0.4,443
2,1,50000,0.4,1104
2,1,50000,0.4,544
2,1,50000,0.4,277
2,1,50000,0.4,1157
2,1,50000,0.4,432
2,1,50000,0.4,710
2,1,50000,0.4,474
2,1,50000,0.4,493
2,1,50000,0.4,397
2,1,50000,0.4,546
2,1,50000,0.4,469
2,1,50000,0.4,740
2,1,50000,0.4,1245
2,1,50000,0.4,963
2,1,50000,0.4,496
2,1,50000,0.4,885
2,1,50000,0.4,797
2,1,50000,0.4,1111
2,1,50000,0.4,1820
2,1,50000,0.4,677
2,1,50000,0.4,464
2,1,50000,0.4,1506
2,1,50000,0.4,920
2,1,50000,0.4,349
2,1,50000,0.4,837
2,1,50000,0.4,635
2,1,50000,0.4,801
2,1,50000,0.4,313
2,1,50000,0.4,854
2,1,50000,0.4,755
2,1,50000,0.4,739
2,1,50000,0.4,209
2,1,50000,0.4,711
2,1,50000,0.4,487
2,1,50000,0.4,1023
2,1,50000,0.4,792
2,1,50000,0.4,930
2,1,50000,0.4,736
2,1,50000,0.4,408
2,1,50000,0.4,670
2,1,50000,0.4,1082
2,1,50000,0.4,350
2,1,50000,0.4,637
2,1,50000,0.4,817
2,1,50000,0.4,1026
2,1,50000,0.4,547
2,1,50000,0.4,772
2,1,50000,0.4,1276
2,1,50000,0.4,1580
2,1,50000,0.4,814
2,1,50000,0.4,748
2,1,50000,0.4,775
2,1,50000,0.4,648
2,1,50000,0.4,1036
2,1,50000,0.4,963
2,1,50000,0.4,1065
2,1,50000,0.4,936
2,1,50000,0.4,740
2,1,50000,0.4,781
2,1,50000,0.4,752
2,1,50000,0.4,1242
2,1,50000,0.4,531
2,1,50000,0.4,626
2,1,50000,0.4,426
2,1,50000,0.4,1097
2,1,50000,0.4,1112
2,1,50000,0.4,1323
2,1,50000,0.4,1017
2,1,50000,0.4,735
2,1,50000,0.4,506
2,1,50000,0.4,929
2,1,50000,0.4,645
2,1,50000,0.4,459
2,1,50000,0.4,1316
2,1,50000,0.4,782
2,1,50000,0.4,624
2,1,50000,0.4,733
2,1,50000,0.4,139
2,1,50000,0.4,620
2,1,50000,0.4,968
2,1,50000,0.4,868
2,1,50000,0.4,529
2,1,50000,0.4,1550
2,1,50000,0.4,993
2,1,50000,0.4,649
2,1,50000,0.4,671
2,1,50000,0.4,757
2,1,50000,0.4,958
2,1,50000,0.4,811
2,1,50000,0.4,1038
2,1,50000,0.4,1302
2,1,50000,0.4,1024
2,1,50000,0.4,715
2,1,50000,0.4,899
2,1,50000,0.4,1080
2,1,50000,0.4,934
2,1,50000,0.4,1050
2,1,50000,0.4,377
2,1,50000,0.5,882
2,1,50000,0.5,852
2,1,50000,0.5,794
2,1,50000,0.5,532
2,1,50000,0.5,459
2,1,50000,0.5,525
2,1,50000,0.5,902
2,1,50000,0.5,804
2,1,50000,0.5,853
2,1,50000,0.5,697
2,1,50000,0.5,862
2,1,50000,0.5,467
2,1,50000,0.5,770
2,1,50000,0.5,706
2,1,50000,0.5,674
2,1,50000,0.5,938
2,1,50000,0.5,525
2,1,50000,0.5,644
2,1,50000,0.5,387
2,1,50000,0.5,698
2,1,50000,0.5,943
2,1,50000,0.5,1170
2,1,50000,0.5,958
2,1,50000,0.5,852
2,1,50000,0.5,822
2,1,50000,0.5,817
2,1,50000,0.5,1022
2,1,50000,0.5,1020
2,1,50000,0.5,656
2,1,50000,0.5,843
2,1,50000,0.5,476
2,1,50000,0.5,1266
2,1,50000,0.5,889
2,1,50000,0.5,966
2,1,50000,0.5,573
2,1,50000,0.5,950
2,1,50000,0.5,1080
2,1,50000,0.5,756
2,1,50000,0.5,1076
2,1,50000,0.5,417
2,1,50000,0.5,462
2,1,50000,0.5,812
2,1,50000,0.5,635
2,1,50000,0.5,1041
2,1,50000,0.5,783
2,1,50000,0.5,391
2,1,50000,0.5,521
2,1,50000,0.5,545
2,1,50000,0.5,1128
2,1,50000,0.5,727
2,1,50000,0.5,874
2,1,50000,0.5,385
2,1,50000,0.5,899
2,1,50000,0.5,796
2,1,50000,0.5,966
2,1,50000,0.5,1093
2,1,50000,0.5,485
2,1,50000,0.5,568
2,1,50000,0.5,1010
2,1,50000,0.5,461
2,1,50000,0.5,838
2,1,50000,0.5,373
2,1,50000,0.5,914
2,1,50000,0.5,630
2,1,50000,0.5,693
2,1,50000,0.5,1117
2,1,50000,0.5,701
2,1,50000,0.5,764
2,1,50000,0.5,293
2,1,50000,0.5,1281
2,1,50000,0.5,1069
2,1,50000,0.5,603
2,1,50000,0.5,603
2,1,50000,0.5,370
2,1,50000,0.5,1297
2,1,50000,0.5,774
2,1,50000,0.5,469
2,1,50000,0.5,453
2,1,50000,0.5,385
2,1,50000,0.5,873
2,1,50000,0.5,1276
2,1,50000,0.5,623
2,1,50000,0.5,927
2,1,50000,0.5,550
2,1,50000,0.5,524
2,1,50000,0.5,1000
2,1,50000,0.5,892
2,1,50000,0.5,602
2,1,50000,0.5,766
2,1,50000,0.5,922
2,1,50000,0.5,1125
2,1,50000,0.5,960
2,1,50000,0.5,815
2,1,50000,0.5,843
2,1,50000,0.5,634
2,1,50000,0.5,1104
2,1,50000,0.5,905
2,1,50000,0.5,1034
2,1,50000,0.5,1143
2,1,50000,0.5,269
